Sender: LSF System <lsfadmin@b6b3ab447b.cern.ch>
Subject: Job 819052206: <runJob_1> in cluster <batch> Done

Job <runJob_1> was submitted from host <lxplus003.cern.ch> by user <gkrintir> in cluster <batch>.
Job was executed on host(s) <b6b3ab447b.cern.ch>, in queue <1nd>, as user <gkrintir> in cluster <batch>.
</afs/cern.ch/user/g/gkrintir> was used as the home directory.
</afs/cern.ch/user/g/gkrintir/PbPb_Top1/topskim/JobDir> was used as the working directory.
Started at Wed Jun 29 11:38:43 2016
Results reported on Wed Jun 29 11:39:54 2016

Your job looked like:

------------------------------------------------------------
# LSBATCH: User input
#!/bin/bash
export ROOTSYS=/afs/cern.ch/sw/lcg/app/releases/ROOT/5.28.00/i686-slc5-gcc43-opt/root
export LD_LIBRARY_PATH=$LD_LIBRARY_PATH:$ROOTSYS/lib
export PATH=$PATH:$ROOTSYS/bin
export OUTDIR=/afs/cern.ch/user/g/gkrintir/PbPb_Top1/topskim/test
cd /afs/cern.ch/user/g/gkrintir/PbPb_Top1/topskim/
root -l  -q -b makeEMuSkim.C'("data.root", "test_data.root", false)'
export OUTPUT=AnaResults_1.root
cp test_data.root $OUTDIR/$OUTPUT
rm test_data.root

------------------------------------------------------------

Successfully completed.

Resource usage summary:

    CPU time :                                   1.39 sec.
    Max Memory :                                 11.70 MB
    Average Memory :                             9.43 MB
    Total Requested Memory :                     -
    Delta Memory :                               -
    Max Swap :                                   429 MB
    Max Processes :                              5
    Max Threads :                                6
    Run time :                                   70 sec.
    Turnaround time :                            81 sec.

The output (if any) follows:

@(#)CERN job starter $Date: 2010/06/23 14:22:16 $
Working directory is </pool/lsf/gkrintir/819052206> on <b6b3ab447b.cern.ch>

dlopen error: /afs/cern.ch/sw/lcg/app/releases/ROOT/5.28.00/i686-slc5-gcc43-opt/root/lib/libMathCore.so: wrong ELF class: ELFCLASS32
Load Error: Failed to load Dynamic link library /afs/cern.ch/sw/lcg/app/releases/ROOT/5.28.00/i686-slc5-gcc43-opt/root/lib/libMathCore.so
Error in <TUnixSystem::DynamicPathName>: libFWCoreFWLite.so does not exist in /usr/lsf/lib64:/afs/cern.ch/sw/lcg/external/Boost/1.55.0_python2.7/x86_64-slc6-gcc47-opt/lib:/afs/cern.ch/sw/lcg/app/releases/ROOT/5.28.00/i686-slc5-gcc43-opt/root/lib:.:/usr/lib64/root::/usr/lib64/root/cint/cint/stl
Error: Function enable() is not defined in current scope  /afs/cern.ch/user/g/gkrintir/rootlogon.C:3:
*** Interpreter error recovered ***

Processing makeEMuSkim.C("data.root", "test_data.root", false)...
dlopen error: /afs/cern.ch/sw/lcg/app/releases/ROOT/5.28.00/i686-slc5-gcc43-opt/root/lib/libRIO.so: wrong ELF class: ELFCLASS32
Load Error: Failed to load Dynamic link library /afs/cern.ch/sw/lcg/app/releases/ROOT/5.28.00/i686-slc5-gcc43-opt/root/lib/libRIO.so
Error in <TCint::AutoLoad>: failure loading library libRIO.so for class TFile
Warning in <TClass::TClass>: no dictionary for class TFile is available
Error: Function BIT(7) is not defined in current scope  /usr/include/root/TDirectoryFile.h:58:
*** Interpreter error recovered ***

Job finished at Wed Jun 29 11:39:33 CEST 2016 on node 
 under linux version Scientific Linux CERN SLC release 6.8 (Carbon)

CERN statistics: This process used approximately : 0:00:01 KSI2K hours (1 KSI2K seconds)
                 This process corresponds to     : 0:00:07 HS06  hours (7 HS06  seconds)
Sender: LSF System <lsfadmin@p01001532278977.cern.ch>
Subject: Job 819099537: <runJob_1> in cluster <batch> Exited

Job <runJob_1> was submitted from host <lxplus001.cern.ch> by user <gkrintir> in cluster <batch>.
Job was executed on host(s) <p01001532278977.cern.ch>, in queue <1nd>, as user <gkrintir> in cluster <batch>.
</afs/cern.ch/user/g/gkrintir> was used as the home directory.
</afs/cern.ch/user/g/gkrintir/PbPb_Top1/topskim/JobDir> was used as the working directory.
Started at Wed Jun 29 13:57:16 2016
Results reported on Wed Jun 29 13:57:55 2016

Your job looked like:

------------------------------------------------------------
# LSBATCH: User input
#!/bin/bash
export ROOTSYS=/afs/cern.ch/sw/lcg/app/releases/ROOT/5.34.36/x86_64-slc6-gcc48-opt/root
export LD_LIBRARY_PATH=$LD_LIBRARY_PATH:$ROOTSYS/lib
export PATH=$PATH:$ROOTSYS/bin
export OUTDIR=/afs/cern.ch/user/g/gkrintir/PbPb_Top1/topskim/test
cd /afs/cern.ch/user/g/gkrintir/PbPb_Top1/topskim/
root -l  -q -b makeEMuSkim.C'("data.root", "test_data.root", false)'
export OUTPUT=AnaResults_1.root
cp test_data.root $OUTDIR/$OUTPUT
rm test_data.root

------------------------------------------------------------

Exited with exit code 255.

Resource usage summary:

    CPU time :                                   1.06 sec.
    Max Memory :                                 6.07 MB
    Average Memory :                             6.07 MB
    Total Requested Memory :                     -
    Delta Memory :                               -
    Max Swap :                                   325 MB
    Max Processes :                              4
    Max Threads :                                5
    Run time :                                   22 sec.
    Turnaround time :                            828 sec.

The output (if any) follows:

@(#)CERN job starter $Date: 2010/06/23 14:22:16 $
Working directory is </pool/lsf/gkrintir/819099537> on <p01001532278977.cern.ch>

dlopen error: /usr/lib64/libstdc++.so.6: version `GLIBCXX_3.4.15' not found (required by /afs/cern.ch/sw/lcg/app/releases/ROOT/5.34.36/x86_64-slc6-gcc48-opt/root/lib/libMathCore.so)
Load Error: Failed to load Dynamic link library /afs/cern.ch/sw/lcg/app/releases/ROOT/5.34.36/x86_64-slc6-gcc48-opt/root/lib/libMathCore.so
Error in <TUnixSystem::DynamicPathName>: libFWCoreFWLite.so does not exist in /usr/lsf/lib64:/afs/cern.ch/sw/lcg/external/Boost/1.55.0_python2.7/x86_64-slc6-gcc47-opt/lib:/afs/cern.ch/sw/lcg/app/releases/ROOT/5.34.36/x86_64-slc6-gcc48-opt/root/lib:.:/usr/lib64/root::/usr/lib64/root/cint/cint/stl
Error: Function enable() is not defined in current scope  /afs/cern.ch/user/g/gkrintir/rootlogon.C:3:
*** Interpreter error recovered ***

Processing makeEMuSkim.C("data.root", "test_data.root", false)...
dlopen error: /usr/lib64/libstdc++.so.6: version `CXXABI_1.3.7' not found (required by /afs/cern.ch/sw/lcg/app/releases/ROOT/5.34.36/x86_64-slc6-gcc48-opt/root/lib/libCore.so)
Load Error: Failed to load Dynamic link library /afs/cern.ch/sw/lcg/app/releases/ROOT/5.34.36/x86_64-slc6-gcc48-opt/root/lib/libRIO.so
Error in <TCint::AutoLoad>: failure loading library libRIO.so for class TFile
Warning in <TClass::TClass>: no dictionary for class TFile is available
Error: Function BIT(7) is not defined in current scope  /usr/include/root/TDirectoryFile.h:58:
*** Interpreter error recovered ***
cp: cannot stat `test_data.root': No such file or directory
rm: cannot remove `test_data.root': No such file or directory

Job finished at Wed Jun 29 13:57:38 CEST 2016 on node 
 under linux version Scientific Linux CERN SLC release 6.8 (Carbon)

CERN statistics: This process used approximately : 0:00:01 KSI2K hours (1 KSI2K seconds)
                 This process corresponds to     : 0:00:04 HS06  hours (4 HS06  seconds)
Sender: LSF System <lsfadmin@b6d8e34f7b.cern.ch>
Subject: Job 819098424: <runJob_1> in cluster <batch> Exited

Job <runJob_1> was submitted from host <lxplus001.cern.ch> by user <gkrintir> in cluster <batch>.
Job was executed on host(s) <b6d8e34f7b.cern.ch>, in queue <1nd>, as user <gkrintir> in cluster <batch>.
</afs/cern.ch/user/g/gkrintir> was used as the home directory.
</afs/cern.ch/user/g/gkrintir/PbPb_Top1/topskim/JobDir> was used as the working directory.
Started at Wed Jun 29 13:57:16 2016
Results reported on Wed Jun 29 13:58:29 2016

Your job looked like:

------------------------------------------------------------
# LSBATCH: User input
#!/bin/bash
export ROOTSYS=/afs/cern.ch/sw/lcg/app/releases/ROOT/5.34.36/x86_64-slc6-gcc48-opt/root
export LD_LIBRARY_PATH=$LD_LIBRARY_PATH:$ROOTSYS/lib
export PATH=$PATH:$ROOTSYS/bin
export OUTDIR=/afs/cern.ch/user/g/gkrintir/PbPb_Top1/topskim/test
cd /afs/cern.ch/user/g/gkrintir/PbPb_Top1/topskim/
root -l  -q -b makeEMuSkim.C'("data.root", "test_data.root", false)'
export OUTPUT=AnaResults_1.root
cp test_data.root $OUTDIR/$OUTPUT
rm test_data.root

------------------------------------------------------------

Exited with exit code 255.

Resource usage summary:

    CPU time :                                   1.41 sec.
    Max Memory :                                 14.39 MB
    Average Memory :                             5.69 MB
    Total Requested Memory :                     -
    Delta Memory :                               -
    Max Swap :                                   407 MB
    Max Processes :                              5
    Max Threads :                                4
    Run time :                                   68 sec.
    Turnaround time :                            1005 sec.

The output (if any) follows:

@(#)CERN job starter $Date: 2010/06/23 14:22:16 $
Working directory is </pool/lsf/gkrintir/819098424> on <b6d8e34f7b.cern.ch>

dlopen error: /usr/lib64/libstdc++.so.6: version `GLIBCXX_3.4.15' not found (required by /afs/cern.ch/sw/lcg/app/releases/ROOT/5.34.36/x86_64-slc6-gcc48-opt/root/lib/libMathCore.so)
Load Error: Failed to load Dynamic link library /afs/cern.ch/sw/lcg/app/releases/ROOT/5.34.36/x86_64-slc6-gcc48-opt/root/lib/libMathCore.so
Error in <TUnixSystem::DynamicPathName>: libFWCoreFWLite.so does not exist in /usr/lsf/lib64:/afs/cern.ch/sw/lcg/external/Boost/1.55.0_python2.7/x86_64-slc6-gcc47-opt/lib:/afs/cern.ch/sw/lcg/app/releases/ROOT/5.34.36/x86_64-slc6-gcc48-opt/root/lib:.:/usr/lib64/root::/usr/lib64/root/cint/cint/stl
Error: Function enable() is not defined in current scope  /afs/cern.ch/user/g/gkrintir/rootlogon.C:3:
*** Interpreter error recovered ***

Processing makeEMuSkim.C("data.root", "test_data.root", false)...
dlopen error: /usr/lib64/libstdc++.so.6: version `CXXABI_1.3.7' not found (required by /afs/cern.ch/sw/lcg/app/releases/ROOT/5.34.36/x86_64-slc6-gcc48-opt/root/lib/libCore.so)
Load Error: Failed to load Dynamic link library /afs/cern.ch/sw/lcg/app/releases/ROOT/5.34.36/x86_64-slc6-gcc48-opt/root/lib/libRIO.so
Error in <TCint::AutoLoad>: failure loading library libRIO.so for class TFile
Warning in <TClass::TClass>: no dictionary for class TFile is available
Error: Function BIT(7) is not defined in current scope  /usr/include/root/TDirectoryFile.h:58:
*** Interpreter error recovered ***
cp: cannot stat `test_data.root': No such file or directory
rm: cannot remove `test_data.root': No such file or directory

Job finished at Wed Jun 29 13:57:47 CEST 2016 on node 
 under linux version Scientific Linux CERN SLC release 6.8 (Carbon)

CERN statistics: This process used approximately : 0:00:01 KSI2K hours (1 KSI2K seconds)
                 This process corresponds to     : 0:00:07 HS06  hours (7 HS06  seconds)
Sender: LSF System <lsfadmin@b641c21314.cern.ch>
Subject: Job 819106129: <runJob_1> in cluster <batch> Done

Job <runJob_1> was submitted from host <lxplus001.cern.ch> by user <gkrintir> in cluster <batch>.
Job was executed on host(s) <b641c21314.cern.ch>, in queue <1nd>, as user <gkrintir> in cluster <batch>.
</afs/cern.ch/user/g/gkrintir> was used as the home directory.
</afs/cern.ch/user/g/gkrintir/PbPb_Top1/topskim/JobDir> was used as the working directory.
Started at Wed Jun 29 14:08:11 2016
Results reported on Wed Jun 29 14:08:50 2016

Your job looked like:

------------------------------------------------------------
# LSBATCH: User input
#!/bin/bash
#export ROOTSYS=/afs/cern.ch/sw/lcg/app/releases/ROOT/5.34.36/x86_64-slc6-gcc48-opt/root
#export LD_LIBRARY_PATH=$LD_LIBRARY_PATH:$ROOTSYS/lib
#export PATH=$PATH:$ROOTSYS/bin
export OUTDIR=/afs/cern.ch/user/g/gkrintir/PbPb_Top1/topskim/test
cd /afs/cern.ch/user/g/gkrintir/PbPb_Top1/topskim/
root -l  -q -b makeEMuSkim.C'("data.root", "test_data.root", false)'
export OUTPUT=AnaResults_1.root
cp test_data.root $OUTDIR/$OUTPUT
rm test_data.root

------------------------------------------------------------

Successfully completed.

Resource usage summary:

    CPU time :                                   1.51 sec.
    Max Memory :                                 5.68 MB
    Average Memory :                             5.68 MB
    Total Requested Memory :                     -
    Delta Memory :                               -
    Max Swap :                                   325 MB
    Max Processes :                              4
    Max Threads :                                5
    Run time :                                   25 sec.
    Turnaround time :                            278 sec.

The output (if any) follows:

@(#)CERN job starter $Date: 2010/06/23 14:22:16 $
Working directory is </pool/lsf/gkrintir/819106129> on <b641c21314.cern.ch>

Error in <TUnixSystem::DynamicPathName>: libFWCoreFWLite.so does not exist in /usr/lsf/lib64:/afs/cern.ch/sw/lcg/external/Boost/1.55.0_python2.7/x86_64-slc6-gcc47-opt/lib:.:/usr/lib64/root::/usr/lib64/root/cint/cint/stl
Error: Function enable() is not defined in current scope  /afs/cern.ch/user/g/gkrintir/rootlogon.C:3:
*** Interpreter error recovered ***

Processing makeEMuSkim.C("data.root", "test_data.root", false)...
On file: 0/1
0
Warning: Automatic variable discr_csvV2_[ij] is allocated makeEMuSkim.C:247:
Error: Array index out of range discr_csvV2_ -> [1]  valid upto discr_csvV2_ makeEMuSkim.C:247:
Error: Array index out of range discr_csvV2_ -> [2]  valid upto discr_csvV2_ makeEMuSkim.C:247:
Error: Array index out of range discr_csvV2_ -> [3]  valid upto discr_csvV2_ makeEMuSkim.C:247:
Error: Array index out of range discr_csvV2_ -> [4]  valid upto discr_csvV2_ makeEMuSkim.C:247:
Error: Array index out of range discr_csvV2_ -> [5]  valid upto discr_csvV2_ makeEMuSkim.C:247:
Error: Array index out of range discr_csvV2_ -> [6]  valid upto discr_csvV2_ makeEMuSkim.C:247:
Error: Array index out of range discr_csvV2_ -> [7]  valid upto discr_csvV2_ makeEMuSkim.C:247:
Error: Array index out of range discr_csvV2_ -> [8]  valid upto discr_csvV2_ makeEMuSkim.C:247:
Error: Array index out of range discr_csvV2_ -> [9]  valid upto discr_csvV2_ makeEMuSkim.C:247:
Error: Array index out of range discr_csvV2_ -> [10]  valid upto discr_csvV2_ makeEMuSkim.C:247:
Error: Array index out of range discr_csvV2_ -> [11]  valid upto discr_csvV2_ makeEMuSkim.C:247:
Error: Array index out of range discr_csvV2_ -> [12]  valid upto discr_csvV2_ makeEMuSkim.C:247:
Error: Array index out of range discr_csvV2_ -> [13]  valid upto discr_csvV2_ makeEMuSkim.C:247:
Error: Array index out of range discr_csvV2_ -> [14]  valid upto discr_csvV2_ makeEMuSkim.C:247:
Error: Array index out of range discr_csvV2_ -> [15]  valid upto discr_csvV2_ makeEMuSkim.C:247:
Error: Array index out of range discr_csvV2_ -> [16]  valid upto discr_csvV2_ makeEMuSkim.C:247:
Error: Array index out of range discr_csvV2_ -> [17]  valid upto discr_csvV2_ makeEMuSkim.C:247:
Error: Array index out of range discr_csvV2_ -> [18]  valid upto discr_csvV2_ makeEMuSkim.C:247:
Error: Array index out of range discr_csvV2_ -> [19]  valid upto discr_csvV2_ makeEMuSkim.C:247:
Error: Array index out of range discr_csvV2_ -> [20]  valid upto discr_csvV2_ makeEMuSkim.C:247:
Error: Array index out of range discr_csvV2_ -> [21]  valid upto discr_csvV2_ makeEMuSkim.C:247:
Error: Array index out of range discr_csvV2_ -> [22]  valid upto discr_csvV2_ makeEMuSkim.C:247:
Error: Array index out of range discr_csvV2_ -> [23]  valid upto discr_csvV2_ makeEMuSkim.C:247:
Error: Array index out of range discr_csvV2_ -> [24]  valid upto discr_csvV2_ makeEMuSkim.C:247:
Error: Array index out of range discr_csvV2_ -> [25]  valid upto discr_csvV2_ makeEMuSkim.C:247:
Error: Array index out of range discr_csvV2_ -> [26]  valid upto discr_csvV2_ makeEMuSkim.C:247:
Error: Array index out of range discr_csvV2_ -> [27]  valid upto discr_csvV2_ makeEMuSkim.C:247:
Error: Array index out of range discr_csvV2_ -> [28]  valid upto discr_csvV2_ makeEMuSkim.C:247:
Error: Array index out of range discr_csvV2_ -> [29]  valid upto discr_csvV2_ makeEMuSkim.C:247:
Error: Array index out of range discr_csvV2_ -> [30]  valid upto discr_csvV2_ makeEMuSkim.C:247:
Error: Array index out of range discr_csvV2_ -> [31]  valid upto discr_csvV2_ makeEMuSkim.C:247:
Error: Array index out of range discr_csvV2_ -> [32]  valid upto discr_csvV2_ makeEMuSkim.C:247:
Error: Array index out of range discr_csvV2_ -> [33]  valid upto discr_csvV2_ makeEMuSkim.C:247:
Error: Array index out of range discr_csvV2_ -> [34]  valid upto discr_csvV2_ makeEMuSkim.C:247:
Error: Array index out of range discr_csvV2_ -> [35]  valid upto discr_csvV2_ makeEMuSkim.C:247:
Error: Array index out of range discr_csvV2_ -> [36]  valid upto discr_csvV2_ makeEMuSkim.C:247:
Error: Array index out of range discr_csvV2_ -> [37]  valid upto discr_csvV2_ makeEMuSkim.C:247:
Error: Array index out of range discr_csvV2_ -> [38]  valid upto discr_csvV2_ makeEMuSkim.C:247:
Error: Array index out of range discr_csvV2_ -> [39]  valid upto discr_csvV2_ makeEMuSkim.C:247:
Error: Array index out of range discr_csvV2_ -> [40]  valid upto discr_csvV2_ makeEMuSkim.C:247:
Error: Array index out of range discr_csvV2_ -> [41]  valid upto discr_csvV2_ makeEMuSkim.C:247:
Error: Array index out of range discr_csvV2_ -> [42]  valid upto discr_csvV2_ makeEMuSkim.C:247:
Error: Array index out of range discr_csvV2_ -> [43]  valid upto discr_csvV2_ makeEMuSkim.C:247:
Error: Array index out of range discr_csvV2_ -> [44]  valid upto discr_csvV2_ makeEMuSkim.C:247:
Error: Array index out of range discr_csvV2_ -> [45]  valid upto discr_csvV2_ makeEMuSkim.C:247:
Error: Array index out of range discr_csvV2_ -> [46]  valid upto discr_csvV2_ makeEMuSkim.C:247:
Error: Array index out of range discr_csvV2_ -> [47]  valid upto discr_csvV2_ makeEMuSkim.C:247:
Error: Array index out of range discr_csvV2_ -> [48]  valid upto discr_csvV2_ makeEMuSkim.C:247:
Error: Array index out of range discr_csvV2_ -> [49]  valid upto discr_csvV2_ makeEMuSkim.C:247:
Error: Array index out of range discr_csvV2_ -> [50]  valid upto discr_csvV2_ makeEMuSkim.C:247:
Error: Array index out of range discr_csvV2_ -> [51]  valid upto discr_csvV2_ makeEMuSkim.C:247:
Error: Array index out of range discr_csvV2_ -> [52]  valid upto discr_csvV2_ makeEMuSkim.C:247:
Error: Array index out of range discr_csvV2_ -> [53]  valid upto discr_csvV2_ makeEMuSkim.C:247:
Error: Array index out of range discr_csvV2_ -> [54]  valid upto discr_csvV2_ makeEMuSkim.C:247:
Error: Array index out of range discr_csvV2_ -> [55]  valid upto discr_csvV2_ makeEMuSkim.C:247:
Error: Array index out of range discr_csvV2_ -> [56]  valid upto discr_csvV2_ makeEMuSkim.C:247:
Error: Array index out of range discr_csvV2_ -> [57]  valid upto discr_csvV2_ makeEMuSkim.C:247:
Error: Array index out of range discr_csvV2_ -> [58]  valid upto discr_csvV2_ makeEMuSkim.C:247:
Error: Array index out of range discr_csvV2_ -> [59]  valid upto discr_csvV2_ makeEMuSkim.C:247:
Error: Array index out of range discr_csvV2_ -> [60]  valid upto discr_csvV2_ makeEMuSkim.C:247:
Error: Array index out of range discr_csvV2_ -> [61]  valid upto discr_csvV2_ makeEMuSkim.C:247:
Error: Array index out of range discr_csvV2_ -> [62]  valid upto discr_csvV2_ makeEMuSkim.C:247:
Error: Array index out of range discr_csvV2_ -> [63]  valid upto discr_csvV2_ makeEMuSkim.C:247:
Error: Array index out of range discr_csvV2_ -> [64]  valid upto discr_csvV2_ makeEMuSkim.C:247:
Error: Array index out of range discr_csvV2_ -> [65]  valid upto discr_csvV2_ makeEMuSkim.C:247:
Error: Array index out of range discr_csvV2_ -> [66]  valid upto discr_csvV2_ makeEMuSkim.C:247:
Error: Array index out of range discr_csvV2_ -> [67]  valid upto discr_csvV2_ makeEMuSkim.C:247:
Error: Array index out of range discr_csvV2_ -> [68]  valid upto discr_csvV2_ makeEMuSkim.C:247:
Error: Array index out of range discr_csvV2_ -> [69]  valid upto discr_csvV2_ makeEMuSkim.C:247:
Error: Array index out of range discr_csvV2_ -> [70]  valid upto discr_csvV2_ makeEMuSkim.C:247:
Error: Array index out of range discr_csvV2_ -> [71]  valid upto discr_csvV2_ makeEMuSkim.C:247:
Error: Array index out of range discr_csvV2_ -> [72]  valid upto discr_csvV2_ makeEMuSkim.C:247:
Error: Array index out of range discr_csvV2_ -> [73]  valid upto discr_csvV2_ makeEMuSkim.C:247:
Error: Array index out of range discr_csvV2_ -> [74]  valid upto discr_csvV2_ makeEMuSkim.C:247:
Error: Array index out of range discr_csvV2_ -> [75]  valid upto discr_csvV2_ makeEMuSkim.C:247:
Error: Array index out of range discr_csvV2_ -> [76]  valid upto discr_csvV2_ makeEMuSkim.C:247:
Error: Array index out of range discr_csvV2_ -> [77]  valid upto discr_csvV2_ makeEMuSkim.C:247:
Error: Array index out of range discr_csvV2_ -> [78]  valid upto discr_csvV2_ makeEMuSkim.C:247:
Error: Array index out of range discr_csvV2_ -> [79]  valid upto discr_csvV2_ makeEMuSkim.C:247:
Error: Array index out of range discr_csvV2_ -> [80]  valid upto discr_csvV2_ makeEMuSkim.C:247:
Error: Array index out of range discr_csvV2_ -> [81]  valid upto discr_csvV2_ makeEMuSkim.C:247:
Error: Array index out of range discr_csvV2_ -> [82]  valid upto discr_csvV2_ makeEMuSkim.C:247:
Error: Array index out of range discr_csvV2_ -> [83]  valid upto discr_csvV2_ makeEMuSkim.C:247:
Error: Array index out of range discr_csvV2_ -> [84]  valid upto discr_csvV2_ makeEMuSkim.C:247:
Error: Array index out of range discr_csvV2_ -> [85]  valid upto discr_csvV2_ makeEMuSkim.C:247:
Error: Array index out of range discr_csvV2_ -> [86]  valid upto discr_csvV2_ makeEMuSkim.C:247:
Error: Array index out of range discr_csvV2_ -> [87]  valid upto discr_csvV2_ makeEMuSkim.C:247:
Error: Array index out of range discr_csvV2_ -> [88]  valid upto discr_csvV2_ makeEMuSkim.C:247:
Error: Array index out of range discr_csvV2_ -> [89]  valid upto discr_csvV2_ makeEMuSkim.C:247:
Error: Array index out of range discr_csvV2_ -> [90]  valid upto discr_csvV2_ makeEMuSkim.C:247:
Error: Array index out of range discr_csvV2_ -> [91]  valid upto discr_csvV2_ makeEMuSkim.C:247:
Error: Array index out of range discr_csvV2_ -> [92]  valid upto discr_csvV2_ makeEMuSkim.C:247:
Error: Array index out of range discr_csvV2_ -> [93]  valid upto discr_csvV2_ makeEMuSkim.C:247:
Error: Array index out of range discr_csvV2_ -> [94]  valid upto discr_csvV2_ makeEMuSkim.C:247:
Error: Array index out of range discr_csvV2_ -> [95]  valid upto discr_csvV2_ makeEMuSkim.C:247:
Error: Array index out of range discr_csvV2_ -> [96]  valid upto discr_csvV2_ makeEMuSkim.C:247:
Error: Array index out of range discr_csvV2_ -> [97]  valid upto discr_csvV2_ makeEMuSkim.C:247:
Error: Array index out of range discr_csvV2_ -> [98]  valid upto discr_csvV2_ makeEMuSkim.C:247:
Error: Array index out of range discr_csvV2_ -> [99]  valid upto discr_csvV2_ makeEMuSkim.C:247:
Error: Array index out of range discr_csvV2_ -> [100]  valid upto discr_csvV2_ makeEMuSkim.C:247:
Error: Array index out of range discr_csvV2_ -> [101]  valid upto discr_csvV2_ makeEMuSkim.C:247:
Error: Array index out of range discr_csvV2_ -> [102]  valid upto discr_csvV2_ makeEMuSkim.C:247:
Error: Array index out of range discr_csvV2_ -> [103]  valid upto discr_csvV2_ makeEMuSkim.C:247:
Error: Array index out of range discr_csvV2_ -> [104]  valid upto discr_csvV2_ makeEMuSkim.C:247:
Error: Array index out of range discr_csvV2_ -> [105]  valid upto discr_csvV2_ makeEMuSkim.C:247:
Error: Array index out of range discr_csvV2_ -> [106]  valid upto discr_csvV2_ makeEMuSkim.C:247:
Error: Array index out of range discr_csvV2_ -> [107]  valid upto discr_csvV2_ makeEMuSkim.C:247:
Error: Array index out of range discr_csvV2_ -> [108]  valid upto discr_csvV2_ makeEMuSkim.C:247:
Error: Array index out of range discr_csvV2_ -> [109]  valid upto discr_csvV2_ makeEMuSkim.C:247:
Error: Array index out of range discr_csvV2_ -> [110]  valid upto discr_csvV2_ makeEMuSkim.C:247:
Error: Array index out of range discr_csvV2_ -> [111]  valid upto discr_csvV2_ makeEMuSkim.C:247:
Error: Array index out of range discr_csvV2_ -> [112]  valid upto discr_csvV2_ makeEMuSkim.C:247:
Error: Array index out of range discr_csvV2_ -> [113]  valid upto discr_csvV2_ makeEMuSkim.C:247:
Error: Array index out of range discr_csvV2_ -> [114]  valid upto discr_csvV2_ makeEMuSkim.C:247:
Error: Array index out of range discr_csvV2_ -> [115]  valid upto discr_csvV2_ makeEMuSkim.C:247:
Error: Array index out of range discr_csvV2_ -> [116]  valid upto discr_csvV2_ makeEMuSkim.C:247:
Error: Array index out of range discr_csvV2_ -> [117]  valid upto discr_csvV2_ makeEMuSkim.C:247:
Error: Array index out of range discr_csvV2_ -> [118]  valid upto discr_csvV2_ makeEMuSkim.C:247:
Error: Array index out of range discr_csvV2_ -> [119]  valid upto discr_csvV2_ makeEMuSkim.C:247:
Error: Array index out of range discr_csvV2_ -> [120]  valid upto discr_csvV2_ makeEMuSkim.C:247:
Error: Array index out of range discr_csvV2_ -> [121]  valid upto discr_csvV2_ makeEMuSkim.C:247:
Error: Array index out of range discr_csvV2_ -> [122]  valid upto discr_csvV2_ makeEMuSkim.C:247:
Error: Array index out of range discr_csvV2_ -> [123]  valid upto discr_csvV2_ makeEMuSkim.C:247:
Error: Array index out of range discr_csvV2_ -> [124]  valid upto discr_csvV2_ makeEMuSkim.C:247:
Error: Array index out of range discr_csvV2_ -> [125]  valid upto discr_csvV2_ makeEMuSkim.C:247:
Error: Array index out of range discr_csvV2_ -> [126]  valid upto discr_csvV2_ makeEMuSkim.C:247:
Error: Array index out of range discr_csvV2_ -> [127]  valid upto discr_csvV2_ makeEMuSkim.C:247:
Error: Array index out of range discr_csvV2_ -> [128]  valid upto discr_csvV2_ makeEMuSkim.C:247:
Error: Array index out of range discr_csvV2_ -> [129]  valid upto discr_csvV2_ makeEMuSkim.C:247:
Error: Array index out of range discr_csvV2_ -> [130]  valid upto discr_csvV2_ makeEMuSkim.C:247:
Error: Array index out of range discr_csvV2_ -> [131]  valid upto discr_csvV2_ makeEMuSkim.C:247:
Error: Array index out of range discr_csvV2_ -> [132]  valid upto discr_csvV2_ makeEMuSkim.C:247:
Error: Array index out of range discr_csvV2_ -> [133]  valid upto discr_csvV2_ makeEMuSkim.C:247:
Error: Array index out of range discr_csvV2_ -> [134]  valid upto discr_csvV2_ makeEMuSkim.C:247:
Error: Array index out of range discr_csvV2_ -> [135]  valid upto discr_csvV2_ makeEMuSkim.C:247:
Error: Array index out of range discr_csvV2_ -> [136]  valid upto discr_csvV2_ makeEMuSkim.C:247:
Error: Array index out of range discr_csvV2_ -> [137]  valid upto discr_csvV2_ makeEMuSkim.C:247:
Error: Array index out of range discr_csvV2_ -> [138]  valid upto discr_csvV2_ makeEMuSkim.C:247:
Error: Array index out of range discr_csvV2_ -> [139]  valid upto discr_csvV2_ makeEMuSkim.C:247:
Error: Array index out of range discr_csvV2_ -> [140]  valid upto discr_csvV2_ makeEMuSkim.C:247:
Error: Array index out of range discr_csvV2_ -> [141]  valid upto discr_csvV2_ makeEMuSkim.C:247:
Error: Array index out of range discr_csvV2_ -> [142]  valid upto discr_csvV2_ makeEMuSkim.C:247:
Error: Array index out of range discr_csvV2_ -> [143]  valid upto discr_csvV2_ makeEMuSkim.C:247:
Error: Array index out of range discr_csvV2_ -> [144]  valid upto discr_csvV2_ makeEMuSkim.C:247:
Error: Array index out of range discr_csvV2_ -> [145]  valid upto discr_csvV2_ makeEMuSkim.C:247:
Error: Array index out of range discr_csvV2_ -> [146]  valid upto discr_csvV2_ makeEMuSkim.C:247:
Error: Array index out of range discr_csvV2_ -> [147]  valid upto discr_csvV2_ makeEMuSkim.C:247:
Error: Array index out of range discr_csvV2_ -> [148]  valid upto discr_csvV2_ makeEMuSkim.C:247:
Error: Array index out of range discr_csvV2_ -> [149]  valid upto discr_csvV2_ makeEMuSkim.C:247:
Error: Array index out of range discr_csvV2_ -> [150]  valid upto discr_csvV2_ makeEMuSkim.C:247:
Error: Array index out of range discr_csvV2_ -> [151]  valid upto discr_csvV2_ makeEMuSkim.C:247:
Error: Array index out of range discr_csvV2_ -> [152]  valid upto discr_csvV2_ makeEMuSkim.C:247:
Error: Array index out of range discr_csvV2_ -> [153]  valid upto discr_csvV2_ makeEMuSkim.C:247:
Error: Array index out of range discr_csvV2_ -> [154]  valid upto discr_csvV2_ makeEMuSkim.C:247:
Error: Array index out of range discr_csvV2_ -> [155]  valid upto discr_csvV2_ makeEMuSkim.C:247:
Error: Array index out of range discr_csvV2_ -> [156]  valid upto discr_csvV2_ makeEMuSkim.C:247:
Error: Array index out of range discr_csvV2_ -> [157]  valid upto discr_csvV2_ makeEMuSkim.C:247:
Error: Array index out of range discr_csvV2_ -> [158]  valid upto discr_csvV2_ makeEMuSkim.C:247:
Error: Array index out of range discr_csvV2_ -> [159]  valid upto discr_csvV2_ makeEMuSkim.C:247:
Error: Array index out of range discr_csvV2_ -> [160]  valid upto discr_csvV2_ makeEMuSkim.C:247:
Error: Array index out of range discr_csvV2_ -> [161]  valid upto discr_csvV2_ makeEMuSkim.C:247:
Error: Array index out of range discr_csvV2_ -> [162]  valid upto discr_csvV2_ makeEMuSkim.C:247:
Error: Array index out of range discr_csvV2_ -> [163]  valid upto discr_csvV2_ makeEMuSkim.C:247:
Error: Array index out of range discr_csvV2_ -> [164]  valid upto discr_csvV2_ makeEMuSkim.C:247:
Error: Array index out of range discr_csvV2_ -> [165]  valid upto discr_csvV2_ makeEMuSkim.C:247:
Error: Array index out of range discr_csvV2_ -> [166]  valid upto discr_csvV2_ makeEMuSkim.C:247:
Error: Array index out of range discr_csvV2_ -> [167]  valid upto discr_csvV2_ makeEMuSkim.C:247:
Error: Array index out of range discr_csvV2_ -> [168]  valid upto discr_csvV2_ makeEMuSkim.C:247:
Error: Array index out of range discr_csvV2_ -> [169]  valid upto discr_csvV2_ makeEMuSkim.C:247:
Error: Array index out of range discr_csvV2_ -> [170]  valid upto discr_csvV2_ makeEMuSkim.C:247:
Error: Array index out of range discr_csvV2_ -> [171]  valid upto discr_csvV2_ makeEMuSkim.C:247:
Error: Array index out of range discr_csvV2_ -> [172]  valid upto discr_csvV2_ makeEMuSkim.C:247:
Error: Array index out of range discr_csvV2_ -> [173]  valid upto discr_csvV2_ makeEMuSkim.C:247:
Error: Array index out of range discr_csvV2_ -> [174]  valid upto discr_csvV2_ makeEMuSkim.C:247:
Error: Array index out of range discr_csvV2_ -> [175]  valid upto discr_csvV2_ makeEMuSkim.C:247:
Error: Array index out of range discr_csvV2_ -> [176]  valid upto discr_csvV2_ makeEMuSkim.C:247:
Error: Array index out of range discr_csvV2_ -> [177]  valid upto discr_csvV2_ makeEMuSkim.C:247:
Error: Array index out of range discr_csvV2_ -> [178]  valid upto discr_csvV2_ makeEMuSkim.C:247:
Error: Array index out of range discr_csvV2_ -> [179]  valid upto discr_csvV2_ makeEMuSkim.C:247:
Error: Array index out of range discr_csvV2_ -> [180]  valid upto discr_csvV2_ makeEMuSkim.C:247:
Error: Array index out of range discr_csvV2_ -> [181]  valid upto discr_csvV2_ makeEMuSkim.C:247:
Error: Array index out of range discr_csvV2_ -> [182]  valid upto discr_csvV2_ makeEMuSkim.C:247:
Error: Array index out of range discr_csvV2_ -> [183]  valid upto discr_csvV2_ makeEMuSkim.C:247:
Error: Array index out of range discr_csvV2_ -> [184]  valid upto discr_csvV2_ makeEMuSkim.C:247:
Error: Array index out of range discr_csvV2_ -> [185]  valid upto discr_csvV2_ makeEMuSkim.C:247:
Error: Array index out of range discr_csvV2_ -> [186]  valid upto discr_csvV2_ makeEMuSkim.C:247:
Error: Array index out of range discr_csvV2_ -> [187]  valid upto discr_csvV2_ makeEMuSkim.C:247:
Error: Array index out of range discr_csvV2_ -> [188]  valid upto discr_csvV2_ makeEMuSkim.C:247:
Error: Array index out of range discr_csvV2_ -> [189]  valid upto discr_csvV2_ makeEMuSkim.C:247:
Error: Array index out of range discr_csvV2_ -> [190]  valid upto discr_csvV2_ makeEMuSkim.C:247:
Error: Array index out of range discr_csvV2_ -> [191]  valid upto discr_csvV2_ makeEMuSkim.C:247:
Error: Array index out of range discr_csvV2_ -> [192]  valid upto discr_csvV2_ makeEMuSkim.C:247:
Error: Array index out of range discr_csvV2_ -> [193]  valid upto discr_csvV2_ makeEMuSkim.C:247:
Error: Array index out of range discr_csvV2_ -> [194]  valid upto discr_csvV2_ makeEMuSkim.C:247:
Error: Array index out of range discr_csvV2_ -> [195]  valid upto discr_csvV2_ makeEMuSkim.C:247:
Error: Array index out of range discr_csvV2_ -> [196]  valid upto discr_csvV2_ makeEMuSkim.C:247:
Error: Array index out of range discr_csvV2_ -> [197]  valid upto discr_csvV2_ makeEMuSkim.C:247:
Error: Array index out of range discr_csvV2_ -> [198]  valid upto discr_csvV2_ makeEMuSkim.C:247:
Error: Array index out of range discr_csvV2_ -> [199]  valid upto discr_csvV2_ makeEMuSkim.C:247:
Error: Array index out of range discr_csvV2_ -> [200]  valid upto discr_csvV2_ makeEMuSkim.C:247:
Error: Array index out of range discr_csvV2_ -> [201]  valid upto discr_csvV2_ makeEMuSkim.C:247:
Error: Array index out of range discr_csvV2_ -> [202]  valid upto discr_csvV2_ makeEMuSkim.C:247:
Error: Array index out of range discr_csvV2_ -> [203]  valid upto discr_csvV2_ makeEMuSkim.C:247:
Error: Array index out of range discr_csvV2_ -> [204]  valid upto discr_csvV2_ makeEMuSkim.C:247:
Error: Array index out of range discr_csvV2_ -> [205]  valid upto discr_csvV2_ makeEMuSkim.C:247:
Error: Array index out of range discr_csvV2_ -> [206]  valid upto discr_csvV2_ makeEMuSkim.C:247:
Error: Array index out of range discr_csvV2_ -> [207]  valid upto discr_csvV2_ makeEMuSkim.C:247:
Error: Array index out of range discr_csvV2_ -> [208]  valid upto discr_csvV2_ makeEMuSkim.C:247:
Error: Array index out of range discr_csvV2_ -> [209]  valid upto discr_csvV2_ makeEMuSkim.C:247:
Error: Array index out of range discr_csvV2_ -> [210]  valid upto discr_csvV2_ makeEMuSkim.C:247:
Error: Array index out of range discr_csvV2_ -> [211]  valid upto discr_csvV2_ makeEMuSkim.C:247:
Error: Array index out of range discr_csvV2_ -> [212]  valid upto discr_csvV2_ makeEMuSkim.C:247:
Error: Array index out of range discr_csvV2_ -> [213]  valid upto discr_csvV2_ makeEMuSkim.C:247:
Error: Array index out of range discr_csvV2_ -> [214]  valid upto discr_csvV2_ makeEMuSkim.C:247:
Error: Array index out of range discr_csvV2_ -> [215]  valid upto discr_csvV2_ makeEMuSkim.C:247:
Error: Array index out of range discr_csvV2_ -> [216]  valid upto discr_csvV2_ makeEMuSkim.C:247:
Error: Array index out of range discr_csvV2_ -> [217]  valid upto discr_csvV2_ makeEMuSkim.C:247:
Error: Array index out of range discr_csvV2_ -> [218]  valid upto discr_csvV2_ makeEMuSkim.C:247:
Error: Array index out of range discr_csvV2_ -> [219]  valid upto discr_csvV2_ makeEMuSkim.C:247:
Error: Array index out of range discr_csvV2_ -> [220]  valid upto discr_csvV2_ makeEMuSkim.C:247:
Error: Array index out of range discr_csvV2_ -> [221]  valid upto discr_csvV2_ makeEMuSkim.C:247:
Error: Array index out of range discr_csvV2_ -> [222]  valid upto discr_csvV2_ makeEMuSkim.C:247:
Error: Array index out of range discr_csvV2_ -> [223]  valid upto discr_csvV2_ makeEMuSkim.C:247:
Error: Array index out of range discr_csvV2_ -> [224]  valid upto discr_csvV2_ makeEMuSkim.C:247:
Error: Array index out of range discr_csvV2_ -> [225]  valid upto discr_csvV2_ makeEMuSkim.C:247:
Error: Array index out of range discr_csvV2_ -> [226]  valid upto discr_csvV2_ makeEMuSkim.C:247:
Error: Array index out of range discr_csvV2_ -> [227]  valid upto discr_csvV2_ makeEMuSkim.C:247:
Error: Array index out of range discr_csvV2_ -> [228]  valid upto discr_csvV2_ makeEMuSkim.C:247:
Error: Array index out of range discr_csvV2_ -> [229]  valid upto discr_csvV2_ makeEMuSkim.C:247:
Error: Array index out of range discr_csvV2_ -> [230]  valid upto discr_csvV2_ makeEMuSkim.C:247:
Error: Array index out of range discr_csvV2_ -> [231]  valid upto discr_csvV2_ makeEMuSkim.C:247:
Error: Array index out of range discr_csvV2_ -> [232]  valid upto discr_csvV2_ makeEMuSkim.C:247:
Error: Array index out of range discr_csvV2_ -> [233]  valid upto discr_csvV2_ makeEMuSkim.C:247:
Error: Array index out of range discr_csvV2_ -> [234]  valid upto discr_csvV2_ makeEMuSkim.C:247:
Error: Array index out of range discr_csvV2_ -> [235]  valid upto discr_csvV2_ makeEMuSkim.C:247:
Error: Array index out of range discr_csvV2_ -> [236]  valid upto discr_csvV2_ makeEMuSkim.C:247:
Error: Array index out of range discr_csvV2_ -> [237]  valid upto discr_csvV2_ makeEMuSkim.C:247:
Error: Array index out of range discr_csvV2_ -> [238]  valid upto discr_csvV2_ makeEMuSkim.C:247:
Error: Array index out of range discr_csvV2_ -> [239]  valid upto discr_csvV2_ makeEMuSkim.C:247:
Error: Array index out of range discr_csvV2_ -> [240]  valid upto discr_csvV2_ makeEMuSkim.C:247:
Error: Array index out of range discr_csvV2_ -> [241]  valid upto discr_csvV2_ makeEMuSkim.C:247:
Error: Array index out of range discr_csvV2_ -> [242]  valid upto discr_csvV2_ makeEMuSkim.C:247:
Error: Array index out of range discr_csvV2_ -> [243]  valid upto discr_csvV2_ makeEMuSkim.C:247:
Error: Array index out of range discr_csvV2_ -> [244]  valid upto discr_csvV2_ makeEMuSkim.C:247:
Error: Array index out of range discr_csvV2_ -> [245]  valid upto discr_csvV2_ makeEMuSkim.C:247:
Error: Array index out of range discr_csvV2_ -> [246]  valid upto discr_csvV2_ makeEMuSkim.C:247:
Error: Array index out of range discr_csvV2_ -> [247]  valid upto discr_csvV2_ makeEMuSkim.C:247:
Error: Array index out of range discr_csvV2_ -> [248]  valid upto discr_csvV2_ makeEMuSkim.C:247:
Error: Array index out of range discr_csvV2_ -> [249]  valid upto discr_csvV2_ makeEMuSkim.C:247:
Error: Array index out of range discr_csvV2_ -> [250]  valid upto discr_csvV2_ makeEMuSkim.C:247:
Error: Array index out of range discr_csvV2_ -> [251]  valid upto discr_csvV2_ makeEMuSkim.C:247:
Error: Array index out of range discr_csvV2_ -> [252]  valid upto discr_csvV2_ makeEMuSkim.C:247:
Error: Array index out of range discr_csvV2_ -> [253]  valid upto discr_csvV2_ makeEMuSkim.C:247:
Error: Array index out of range discr_csvV2_ -> [254]  valid upto discr_csvV2_ makeEMuSkim.C:247:
Error: Array index out of range discr_csvV2_ -> [255]  valid upto discr_csvV2_ makeEMuSkim.C:247:
Error: Array index out of range discr_csvV2_ -> [256]  valid upto discr_csvV2_ makeEMuSkim.C:247:
Error: Array index out of range discr_csvV2_ -> [257]  valid upto discr_csvV2_ makeEMuSkim.C:247:
Error: Array index out of range discr_csvV2_ -> [258]  valid upto discr_csvV2_ makeEMuSkim.C:247:
Error: Array index out of range discr_csvV2_ -> [259]  valid upto discr_csvV2_ makeEMuSkim.C:247:
Error: Array index out of range discr_csvV2_ -> [260]  valid upto discr_csvV2_ makeEMuSkim.C:247:
Error: Array index out of range discr_csvV2_ -> [261]  valid upto discr_csvV2_ makeEMuSkim.C:247:
Error: Array index out of range discr_csvV2_ -> [262]  valid upto discr_csvV2_ makeEMuSkim.C:247:
Error: Array index out of range discr_csvV2_ -> [263]  valid upto discr_csvV2_ makeEMuSkim.C:247:
Error: Array index out of range discr_csvV2_ -> [264]  valid upto discr_csvV2_ makeEMuSkim.C:247:
Error: Array index out of range discr_csvV2_ -> [265]  valid upto discr_csvV2_ makeEMuSkim.C:247:
Error: Array index out of range discr_csvV2_ -> [266]  valid upto discr_csvV2_ makeEMuSkim.C:247:
Error: Array index out of range discr_csvV2_ -> [267]  valid upto discr_csvV2_ makeEMuSkim.C:247:
Error: Array index out of range discr_csvV2_ -> [268]  valid upto discr_csvV2_ makeEMuSkim.C:247:
Error: Array index out of range discr_csvV2_ -> [269]  valid upto discr_csvV2_ makeEMuSkim.C:247:
Error: Array index out of range discr_csvV2_ -> [270]  valid upto discr_csvV2_ makeEMuSkim.C:247:
Error: Array index out of range discr_csvV2_ -> [271]  valid upto discr_csvV2_ makeEMuSkim.C:247:
Error: Array index out of range discr_csvV2_ -> [272]  valid upto discr_csvV2_ makeEMuSkim.C:247:
Error: Array index out of range discr_csvV2_ -> [273]  valid upto discr_csvV2_ makeEMuSkim.C:247:
Error: Array index out of range discr_csvV2_ -> [274]  valid upto discr_csvV2_ makeEMuSkim.C:247:
Error: Array index out of range discr_csvV2_ -> [275]  valid upto discr_csvV2_ makeEMuSkim.C:247:
Error: Array index out of range discr_csvV2_ -> [276]  valid upto discr_csvV2_ makeEMuSkim.C:247:
Error: Array index out of range discr_csvV2_ -> [277]  valid upto discr_csvV2_ makeEMuSkim.C:247:
Error: Array index out of range discr_csvV2_ -> [278]  valid upto discr_csvV2_ makeEMuSkim.C:247:
Error: Array index out of range discr_csvV2_ -> [279]  valid upto discr_csvV2_ makeEMuSkim.C:247:
Error: Array index out of range discr_csvV2_ -> [280]  valid upto discr_csvV2_ makeEMuSkim.C:247:
Error: Array index out of range discr_csvV2_ -> [281]  valid upto discr_csvV2_ makeEMuSkim.C:247:
Error: Array index out of range discr_csvV2_ -> [282]  valid upto discr_csvV2_ makeEMuSkim.C:247:
Error: Array index out of range discr_csvV2_ -> [283]  valid upto discr_csvV2_ makeEMuSkim.C:247:
Error: Array index out of range discr_csvV2_ -> [284]  valid upto discr_csvV2_ makeEMuSkim.C:247:
Error: Array index out of range discr_csvV2_ -> [285]  valid upto discr_csvV2_ makeEMuSkim.C:247:
Error: Array index out of range discr_csvV2_ -> [286]  valid upto discr_csvV2_ makeEMuSkim.C:247:
Error: Array index out of range discr_csvV2_ -> [287]  valid upto discr_csvV2_ makeEMuSkim.C:247:
Error: Array index out of range discr_csvV2_ -> [288]  valid upto discr_csvV2_ makeEMuSkim.C:247:
Error: Array index out of range discr_csvV2_ -> [289]  valid upto discr_csvV2_ makeEMuSkim.C:247:
Error: Array index out of range discr_csvV2_ -> [290]  valid upto discr_csvV2_ makeEMuSkim.C:247:
Error: Array index out of range discr_csvV2_ -> [291]  valid upto discr_csvV2_ makeEMuSkim.C:247:
Error: Array index out of range discr_csvV2_ -> [292]  valid upto discr_csvV2_ makeEMuSkim.C:247:
Error: Array index out of range discr_csvV2_ -> [293]  valid upto discr_csvV2_ makeEMuSkim.C:247:
Error: Array index out of range discr_csvV2_ -> [294]  valid upto discr_csvV2_ makeEMuSkim.C:247:
Error: Array index out of range discr_csvV2_ -> [295]  valid upto discr_csvV2_ makeEMuSkim.C:247:
Error: Array index out of range discr_csvV2_ -> [296]  valid upto discr_csvV2_ makeEMuSkim.C:247:
Error: Array index out of range discr_csvV2_ -> [297]  valid upto discr_csvV2_ makeEMuSkim.C:247:
Error: Array index out of range discr_csvV2_ -> [298]  valid upto discr_csvV2_ makeEMuSkim.C:247:
Error: Array index out of range discr_csvV2_ -> [299]  valid upto discr_csvV2_ makeEMuSkim.C:247:
Error: Array index out of range discr_csvV2_ -> [300]  valid upto discr_csvV2_ makeEMuSkim.C:247:
Error: Array index out of range discr_csvV2_ -> [301]  valid upto discr_csvV2_ makeEMuSkim.C:247:
Error: Array index out of range discr_csvV2_ -> [302]  valid upto discr_csvV2_ makeEMuSkim.C:247:
Error: Array index out of range discr_csvV2_ -> [303]  valid upto discr_csvV2_ makeEMuSkim.C:247:
Error: Array index out of range discr_csvV2_ -> [304]  valid upto discr_csvV2_ makeEMuSkim.C:247:
Error: Array index out of range discr_csvV2_ -> [305]  valid upto discr_csvV2_ makeEMuSkim.C:247:
Error: Array index out of range discr_csvV2_ -> [306]  valid upto discr_csvV2_ makeEMuSkim.C:247:
Error: Array index out of range discr_csvV2_ -> [307]  valid upto discr_csvV2_ makeEMuSkim.C:247:
Error: Array index out of range discr_csvV2_ -> [308]  valid upto discr_csvV2_ makeEMuSkim.C:247:
Error: Array index out of range discr_csvV2_ -> [309]  valid upto discr_csvV2_ makeEMuSkim.C:247:
Error: Array index out of range discr_csvV2_ -> [310]  valid upto discr_csvV2_ makeEMuSkim.C:247:
Error: Array index out of range discr_csvV2_ -> [311]  valid upto discr_csvV2_ makeEMuSkim.C:247:
Error: Array index out of range discr_csvV2_ -> [312]  valid upto discr_csvV2_ makeEMuSkim.C:247:
Error: Array index out of range discr_csvV2_ -> [313]  valid upto discr_csvV2_ makeEMuSkim.C:247:
Error: Array index out of range discr_csvV2_ -> [314]  valid upto discr_csvV2_ makeEMuSkim.C:247:
Error: Array index out of range discr_csvV2_ -> [315]  valid upto discr_csvV2_ makeEMuSkim.C:247:
Error: Array index out of range discr_csvV2_ -> [316]  valid upto discr_csvV2_ makeEMuSkim.C:247:
Error: Array index out of range discr_csvV2_ -> [317]  valid upto discr_csvV2_ makeEMuSkim.C:247:
Error: Array index out of range discr_csvV2_ -> [318]  valid upto discr_csvV2_ makeEMuSkim.C:247:
Error: Array index out of range discr_csvV2_ -> [319]  valid upto discr_csvV2_ makeEMuSkim.C:247:
Error: Array index out of range discr_csvV2_ -> [320]  valid upto discr_csvV2_ makeEMuSkim.C:247:
Error: Array index out of range discr_csvV2_ -> [321]  valid upto discr_csvV2_ makeEMuSkim.C:247:
Error: Array index out of range discr_csvV2_ -> [322]  valid upto discr_csvV2_ makeEMuSkim.C:247:
Error: Array index out of range discr_csvV2_ -> [323]  valid upto discr_csvV2_ makeEMuSkim.C:247:
Error: Array index out of range discr_csvV2_ -> [324]  valid upto discr_csvV2_ makeEMuSkim.C:247:
Error: Array index out of range discr_csvV2_ -> [325]  valid upto discr_csvV2_ makeEMuSkim.C:247:
Error: Array index out of range discr_csvV2_ -> [326]  valid upto discr_csvV2_ makeEMuSkim.C:247:
Error: Array index out of range discr_csvV2_ -> [327]  valid upto discr_csvV2_ makeEMuSkim.C:247:
Error: Array index out of range discr_csvV2_ -> [328]  valid upto discr_csvV2_ makeEMuSkim.C:247:
Error: Array index out of range discr_csvV2_ -> [329]  valid upto discr_csvV2_ makeEMuSkim.C:247:
Error: Array index out of range discr_csvV2_ -> [330]  valid upto discr_csvV2_ makeEMuSkim.C:247:
Error: Array index out of range discr_csvV2_ -> [331]  valid upto discr_csvV2_ makeEMuSkim.C:247:
Error: Array index out of range discr_csvV2_ -> [332]  valid upto discr_csvV2_ makeEMuSkim.C:247:
Error: Array index out of range discr_csvV2_ -> [333]  valid upto discr_csvV2_ makeEMuSkim.C:247:
Error: Array index out of range discr_csvV2_ -> [334]  valid upto discr_csvV2_ makeEMuSkim.C:247:
Error: Array index out of range discr_csvV2_ -> [335]  valid upto discr_csvV2_ makeEMuSkim.C:247:
Error: Array index out of range discr_csvV2_ -> [336]  valid upto discr_csvV2_ makeEMuSkim.C:247:
Error: Array index out of range discr_csvV2_ -> [337]  valid upto discr_csvV2_ makeEMuSkim.C:247:
Error: Array index out of range discr_csvV2_ -> [338]  valid upto discr_csvV2_ makeEMuSkim.C:247:
Error: Array index out of range discr_csvV2_ -> [339]  valid upto discr_csvV2_ makeEMuSkim.C:247:
Error: Array index out of range discr_csvV2_ -> [340]  valid upto discr_csvV2_ makeEMuSkim.C:247:
Error: Array index out of range discr_csvV2_ -> [341]  valid upto discr_csvV2_ makeEMuSkim.C:247:
Error: Array index out of range discr_csvV2_ -> [342]  valid upto discr_csvV2_ makeEMuSkim.C:247:
Error: Array index out of range discr_csvV2_ -> [343]  valid upto discr_csvV2_ makeEMuSkim.C:247:
Error: Array index out of range discr_csvV2_ -> [344]  valid upto discr_csvV2_ makeEMuSkim.C:247:
Error: Array index out of range discr_csvV2_ -> [345]  valid upto discr_csvV2_ makeEMuSkim.C:247:
Error: Array index out of range discr_csvV2_ -> [346]  valid upto discr_csvV2_ makeEMuSkim.C:247:
Error: Array index out of range discr_csvV2_ -> [347]  valid upto discr_csvV2_ makeEMuSkim.C:247:
Error: Array index out of range discr_csvV2_ -> [348]  valid upto discr_csvV2_ makeEMuSkim.C:247:
Error: Array index out of range discr_csvV2_ -> [349]  valid upto discr_csvV2_ makeEMuSkim.C:247:
Error: Array index out of range discr_csvV2_ -> [350]  valid upto discr_csvV2_ makeEMuSkim.C:247:
Error: Array index out of range discr_csvV2_ -> [351]  valid upto discr_csvV2_ makeEMuSkim.C:247:
Error: Array index out of range discr_csvV2_ -> [352]  valid upto discr_csvV2_ makeEMuSkim.C:247:
Error: Array index out of range discr_csvV2_ -> [353]  valid upto discr_csvV2_ makeEMuSkim.C:247:
Error: Array index out of range discr_csvV2_ -> [354]  valid upto discr_csvV2_ makeEMuSkim.C:247:
Error: Array index out of range discr_csvV2_ -> [355]  valid upto discr_csvV2_ makeEMuSkim.C:247:
Error: Array index out of range discr_csvV2_ -> [356]  valid upto discr_csvV2_ makeEMuSkim.C:247:
Error: Array index out of range discr_csvV2_ -> [357]  valid upto discr_csvV2_ makeEMuSkim.C:247:
Error: Array index out of range discr_csvV2_ -> [358]  valid upto discr_csvV2_ makeEMuSkim.C:247:
Error: Array index out of range discr_csvV2_ -> [359]  valid upto discr_csvV2_ makeEMuSkim.C:247:
Error: Array index out of range discr_csvV2_ -> [360]  valid upto discr_csvV2_ makeEMuSkim.C:247:
Error: Array index out of range discr_csvV2_ -> [361]  valid upto discr_csvV2_ makeEMuSkim.C:247:
Error: Array index out of range discr_csvV2_ -> [362]  valid upto discr_csvV2_ makeEMuSkim.C:247:
Error: Array index out of range discr_csvV2_ -> [363]  valid upto discr_csvV2_ makeEMuSkim.C:247:
Error: Array index out of range discr_csvV2_ -> [364]  valid upto discr_csvV2_ makeEMuSkim.C:247:
Error: Array index out of range discr_csvV2_ -> [365]  valid upto discr_csvV2_ makeEMuSkim.C:247:
Error: Array index out of range discr_csvV2_ -> [366]  valid upto discr_csvV2_ makeEMuSkim.C:247:
Error: Array index out of range discr_csvV2_ -> [367]  valid upto discr_csvV2_ makeEMuSkim.C:247:
Error: Array index out of range discr_csvV2_ -> [368]  valid upto discr_csvV2_ makeEMuSkim.C:247:
Error: Array index out of range discr_csvV2_ -> [369]  valid upto discr_csvV2_ makeEMuSkim.C:247:
Error: Array index out of range discr_csvV2_ -> [370]  valid upto discr_csvV2_ makeEMuSkim.C:247:
Error: Array index out of range discr_csvV2_ -> [371]  valid upto discr_csvV2_ makeEMuSkim.C:247:
Error: Array index out of range discr_csvV2_ -> [372]  valid upto discr_csvV2_ makeEMuSkim.C:247:
Error: Array index out of range discr_csvV2_ -> [373]  valid upto discr_csvV2_ makeEMuSkim.C:247:
Error: Array index out of range discr_csvV2_ -> [374]  valid upto discr_csvV2_ makeEMuSkim.C:247:
Error: Array index out of range discr_csvV2_ -> [375]  valid upto discr_csvV2_ makeEMuSkim.C:247:
Error: Array index out of range discr_csvV2_ -> [376]  valid upto discr_csvV2_ makeEMuSkim.C:247:
Error: Array index out of range discr_csvV2_ -> [377]  valid upto discr_csvV2_ makeEMuSkim.C:247:
Error: Array index out of range discr_csvV2_ -> [378]  valid upto discr_csvV2_ makeEMuSkim.C:247:
Error: Array index out of range discr_csvV2_ -> [379]  valid upto discr_csvV2_ makeEMuSkim.C:247:
Error: Array index out of range discr_csvV2_ -> [380]  valid upto discr_csvV2_ makeEMuSkim.C:247:
Error: Array index out of range discr_csvV2_ -> [381]  valid upto discr_csvV2_ makeEMuSkim.C:247:
Error: Array index out of range discr_csvV2_ -> [382]  valid upto discr_csvV2_ makeEMuSkim.C:247:
Error: Array index out of range discr_csvV2_ -> [383]  valid upto discr_csvV2_ makeEMuSkim.C:247:
Error: Array index out of range discr_csvV2_ -> [384]  valid upto discr_csvV2_ makeEMuSkim.C:247:
Error: Array index out of range discr_csvV2_ -> [385]  valid upto discr_csvV2_ makeEMuSkim.C:247:
Error: Array index out of range discr_csvV2_ -> [386]  valid upto discr_csvV2_ makeEMuSkim.C:247:
Error: Array index out of range discr_csvV2_ -> [387]  valid upto discr_csvV2_ makeEMuSkim.C:247:
Error: Array index out of range discr_csvV2_ -> [388]  valid upto discr_csvV2_ makeEMuSkim.C:247:
Error: Array index out of range discr_csvV2_ -> [389]  valid upto discr_csvV2_ makeEMuSkim.C:247:
Error: Array index out of range discr_csvV2_ -> [390]  valid upto discr_csvV2_ makeEMuSkim.C:247:
Error: Array index out of range discr_csvV2_ -> [391]  valid upto discr_csvV2_ makeEMuSkim.C:247:
Error: Array index out of range discr_csvV2_ -> [392]  valid upto discr_csvV2_ makeEMuSkim.C:247:
Error: Array index out of range discr_csvV2_ -> [393]  valid upto discr_csvV2_ makeEMuSkim.C:247:
Error: Array index out of range discr_csvV2_ -> [394]  valid upto discr_csvV2_ makeEMuSkim.C:247:
Error: Array index out of range discr_csvV2_ -> [395]  valid upto discr_csvV2_ makeEMuSkim.C:247:
Error: Array index out of range discr_csvV2_ -> [396]  valid upto discr_csvV2_ makeEMuSkim.C:247:
Error: Array index out of range discr_csvV2_ -> [397]  valid upto discr_csvV2_ makeEMuSkim.C:247:
Error: Array index out of range discr_csvV2_ -> [398]  valid upto discr_csvV2_ makeEMuSkim.C:247:
Error: Array index out of range discr_csvV2_ -> [399]  valid upto discr_csvV2_ makeEMuSkim.C:247:
Error: Array index out of range discr_csvV2_ -> [400]  valid upto discr_csvV2_ makeEMuSkim.C:247:
Error: Array index out of range discr_csvV2_ -> [401]  valid upto discr_csvV2_ makeEMuSkim.C:247:
Error: Array index out of range discr_csvV2_ -> [402]  valid upto discr_csvV2_ makeEMuSkim.C:247:
Error: Array index out of range discr_csvV2_ -> [403]  valid upto discr_csvV2_ makeEMuSkim.C:247:
Error: Array index out of range discr_csvV2_ -> [404]  valid upto discr_csvV2_ makeEMuSkim.C:247:
Error: Array index out of range discr_csvV2_ -> [405]  valid upto discr_csvV2_ makeEMuSkim.C:247:
Error: Array index out of range discr_csvV2_ -> [406]  valid upto discr_csvV2_ makeEMuSkim.C:247:
Error: Array index out of range discr_csvV2_ -> [407]  valid upto discr_csvV2_ makeEMuSkim.C:247:
Error: Array index out of range discr_csvV2_ -> [408]  valid upto discr_csvV2_ makeEMuSkim.C:247:
Error: Array index out of range discr_csvV2_ -> [409]  valid upto discr_csvV2_ makeEMuSkim.C:247:
Error: Array index out of range discr_csvV2_ -> [410]  valid upto discr_csvV2_ makeEMuSkim.C:247:
Error: Array index out of range discr_csvV2_ -> [411]  valid upto discr_csvV2_ makeEMuSkim.C:247:
Error: Array index out of range discr_csvV2_ -> [412]  valid upto discr_csvV2_ makeEMuSkim.C:247:
Error: Array index out of range discr_csvV2_ -> [413]  valid upto discr_csvV2_ makeEMuSkim.C:247:
Error: Array index out of range discr_csvV2_ -> [414]  valid upto discr_csvV2_ makeEMuSkim.C:247:
Error: Array index out of range discr_csvV2_ -> [415]  valid upto discr_csvV2_ makeEMuSkim.C:247:
Error: Array index out of range discr_csvV2_ -> [416]  valid upto discr_csvV2_ makeEMuSkim.C:247:
Error: Array index out of range discr_csvV2_ -> [417]  valid upto discr_csvV2_ makeEMuSkim.C:247:
Error: Array index out of range discr_csvV2_ -> [418]  valid upto discr_csvV2_ makeEMuSkim.C:247:
Error: Array index out of range discr_csvV2_ -> [419]  valid upto discr_csvV2_ makeEMuSkim.C:247:
Error: Array index out of range discr_csvV2_ -> [420]  valid upto discr_csvV2_ makeEMuSkim.C:247:
Error: Array index out of range discr_csvV2_ -> [421]  valid upto discr_csvV2_ makeEMuSkim.C:247:
Error: Array index out of range discr_csvV2_ -> [422]  valid upto discr_csvV2_ makeEMuSkim.C:247:
Error: Array index out of range discr_csvV2_ -> [423]  valid upto discr_csvV2_ makeEMuSkim.C:247:
Error: Array index out of range discr_csvV2_ -> [424]  valid upto discr_csvV2_ makeEMuSkim.C:247:
Error: Array index out of range discr_csvV2_ -> [425]  valid upto discr_csvV2_ makeEMuSkim.C:247:
Error: Array index out of range discr_csvV2_ -> [426]  valid upto discr_csvV2_ makeEMuSkim.C:247:
Error: Array index out of range discr_csvV2_ -> [427]  valid upto discr_csvV2_ makeEMuSkim.C:247:
Error: Array index out of range discr_csvV2_ -> [428]  valid upto discr_csvV2_ makeEMuSkim.C:247:
Error: Array index out of range discr_csvV2_ -> [429]  valid upto discr_csvV2_ makeEMuSkim.C:247:
Error: Array index out of range discr_csvV2_ -> [430]  valid upto discr_csvV2_ makeEMuSkim.C:247:
Error: Array index out of range discr_csvV2_ -> [431]  valid upto discr_csvV2_ makeEMuSkim.C:247:
Error: Array index out of range discr_csvV2_ -> [432]  valid upto discr_csvV2_ makeEMuSkim.C:247:
Error: Array index out of range discr_csvV2_ -> [433]  valid upto discr_csvV2_ makeEMuSkim.C:247:
Error: Array index out of range discr_csvV2_ -> [434]  valid upto discr_csvV2_ makeEMuSkim.C:247:
Error: Array index out of range discr_csvV2_ -> [435]  valid upto discr_csvV2_ makeEMuSkim.C:247:
Error: Array index out of range discr_csvV2_ -> [436]  valid upto discr_csvV2_ makeEMuSkim.C:247:
Error: Array index out of range discr_csvV2_ -> [437]  valid upto discr_csvV2_ makeEMuSkim.C:247:
Error: Array index out of range discr_csvV2_ -> [438]  valid upto discr_csvV2_ makeEMuSkim.C:247:
Error: Array index out of range discr_csvV2_ -> [439]  valid upto discr_csvV2_ makeEMuSkim.C:247:
Error: Array index out of range discr_csvV2_ -> [440]  valid upto discr_csvV2_ makeEMuSkim.C:247:
Error: Array index out of range discr_csvV2_ -> [441]  valid upto discr_csvV2_ makeEMuSkim.C:247:
Error: Array index out of range discr_csvV2_ -> [442]  valid upto discr_csvV2_ makeEMuSkim.C:247:
Error: Array index out of range discr_csvV2_ -> [443]  valid upto discr_csvV2_ makeEMuSkim.C:247:
Error: Array index out of range discr_csvV2_ -> [444]  valid upto discr_csvV2_ makeEMuSkim.C:247:
Error: Array index out of range discr_csvV2_ -> [445]  valid upto discr_csvV2_ makeEMuSkim.C:247:
Error: Array index out of range discr_csvV2_ -> [446]  valid upto discr_csvV2_ makeEMuSkim.C:247:
Error: Array index out of range discr_csvV2_ -> [447]  valid upto discr_csvV2_ makeEMuSkim.C:247:
Error: Array index out of range discr_csvV2_ -> [448]  valid upto discr_csvV2_ makeEMuSkim.C:247:
Error: Array index out of range discr_csvV2_ -> [449]  valid upto discr_csvV2_ makeEMuSkim.C:247:
Error: Array index out of range discr_csvV2_ -> [450]  valid upto discr_csvV2_ makeEMuSkim.C:247:
Error: Array index out of range discr_csvV2_ -> [451]  valid upto discr_csvV2_ makeEMuSkim.C:247:
Error: Array index out of range discr_csvV2_ -> [452]  valid upto discr_csvV2_ makeEMuSkim.C:247:
Error: Array index out of range discr_csvV2_ -> [453]  valid upto discr_csvV2_ makeEMuSkim.C:247:
Error: Array index out of range discr_csvV2_ -> [454]  valid upto discr_csvV2_ makeEMuSkim.C:247:
Error: Array index out of range discr_csvV2_ -> [455]  valid upto discr_csvV2_ makeEMuSkim.C:247:
Error: Array index out of range discr_csvV2_ -> [456]  valid upto discr_csvV2_ makeEMuSkim.C:247:
Error: Array index out of range discr_csvV2_ -> [457]  valid upto discr_csvV2_ makeEMuSkim.C:247:
Error: Array index out of range discr_csvV2_ -> [458]  valid upto discr_csvV2_ makeEMuSkim.C:247:
Error: Array index out of range discr_csvV2_ -> [459]  valid upto discr_csvV2_ makeEMuSkim.C:247:
Error: Array index out of range discr_csvV2_ -> [460]  valid upto discr_csvV2_ makeEMuSkim.C:247:
Error: Array index out of range discr_csvV2_ -> [461]  valid upto discr_csvV2_ makeEMuSkim.C:247:
Error: Array index out of range discr_csvV2_ -> [462]  valid upto discr_csvV2_ makeEMuSkim.C:247:
Error: Array index out of range discr_csvV2_ -> [463]  valid upto discr_csvV2_ makeEMuSkim.C:247:
Error: Array index out of range discr_csvV2_ -> [464]  valid upto discr_csvV2_ makeEMuSkim.C:247:
Error: Array index out of range discr_csvV2_ -> [465]  valid upto discr_csvV2_ makeEMuSkim.C:247:
Error: Array index out of range discr_csvV2_ -> [466]  valid upto discr_csvV2_ makeEMuSkim.C:247:
Error: Array index out of range discr_csvV2_ -> [467]  valid upto discr_csvV2_ makeEMuSkim.C:247:
Error: Array index out of range discr_csvV2_ -> [468]  valid upto discr_csvV2_ makeEMuSkim.C:247:
Error: Array index out of range discr_csvV2_ -> [469]  valid upto discr_csvV2_ makeEMuSkim.C:247:
Error: Array index out of range discr_csvV2_ -> [470]  valid upto discr_csvV2_ makeEMuSkim.C:247:
Error: Array index out of range discr_csvV2_ -> [471]  valid upto discr_csvV2_ makeEMuSkim.C:247:
Error: Array index out of range discr_csvV2_ -> [472]  valid upto discr_csvV2_ makeEMuSkim.C:247:
Error: Array index out of range discr_csvV2_ -> [473]  valid upto discr_csvV2_ makeEMuSkim.C:247:
Error: Array index out of range discr_csvV2_ -> [474]  valid upto discr_csvV2_ makeEMuSkim.C:247:
Error: Array index out of range discr_csvV2_ -> [475]  valid upto discr_csvV2_ makeEMuSkim.C:247:
Error: Array index out of range discr_csvV2_ -> [476]  valid upto discr_csvV2_ makeEMuSkim.C:247:
Error: Array index out of range discr_csvV2_ -> [477]  valid upto discr_csvV2_ makeEMuSkim.C:247:
Error: Array index out of range discr_csvV2_ -> [478]  valid upto discr_csvV2_ makeEMuSkim.C:247:
Error: Array index out of range discr_csvV2_ -> [479]  valid upto discr_csvV2_ makeEMuSkim.C:247:
Error: Array index out of range discr_csvV2_ -> [480]  valid upto discr_csvV2_ makeEMuSkim.C:247:
Error: Array index out of range discr_csvV2_ -> [481]  valid upto discr_csvV2_ makeEMuSkim.C:247:
Error: Array index out of range discr_csvV2_ -> [482]  valid upto discr_csvV2_ makeEMuSkim.C:247:
Error: Array index out of range discr_csvV2_ -> [483]  valid upto discr_csvV2_ makeEMuSkim.C:247:
Error: Array index out of range discr_csvV2_ -> [484]  valid upto discr_csvV2_ makeEMuSkim.C:247:
Error: Array index out of range discr_csvV2_ -> [485]  valid upto discr_csvV2_ makeEMuSkim.C:247:
Error: Array index out of range discr_csvV2_ -> [486]  valid upto discr_csvV2_ makeEMuSkim.C:247:
Error: Array index out of range discr_csvV2_ -> [487]  valid upto discr_csvV2_ makeEMuSkim.C:247:
Error: Array index out of range discr_csvV2_ -> [488]  valid upto discr_csvV2_ makeEMuSkim.C:247:
Error: Array index out of range discr_csvV2_ -> [489]  valid upto discr_csvV2_ makeEMuSkim.C:247:
Error: Array index out of range discr_csvV2_ -> [490]  valid upto discr_csvV2_ makeEMuSkim.C:247:
Error: Array index out of range discr_csvV2_ -> [491]  valid upto discr_csvV2_ makeEMuSkim.C:247:
Error: Array index out of range discr_csvV2_ -> [492]  valid upto discr_csvV2_ makeEMuSkim.C:247:
Error: Array index out of range discr_csvV2_ -> [493]  valid upto discr_csvV2_ makeEMuSkim.C:247:
Error: Array index out of range discr_csvV2_ -> [494]  valid upto discr_csvV2_ makeEMuSkim.C:247:
Error: Array index out of range discr_csvV2_ -> [495]  valid upto discr_csvV2_ makeEMuSkim.C:247:
Error: Array index out of range discr_csvV2_ -> [496]  valid upto discr_csvV2_ makeEMuSkim.C:247:
Error: Array index out of range discr_csvV2_ -> [497]  valid upto discr_csvV2_ makeEMuSkim.C:247:
Error: Array index out of range discr_csvV2_ -> [498]  valid upto discr_csvV2_ makeEMuSkim.C:247:
Error: Array index out of range discr_csvV2_ -> [499]  valid upto discr_csvV2_ makeEMuSkim.C:247:
*** Interpreter error recovered ***

Job finished at Wed Jun 29 14:08:36 CEST 2016 on node 
 under linux version Scientific Linux CERN SLC release 6.8 (Carbon)

CERN statistics: This process used approximately : 0:00:02 KSI2K hours (2 KSI2K seconds)
                 This process corresponds to     : 0:00:09 HS06  hours (9 HS06  seconds)
Sender: LSF System <lsfadmin@b6c5bf4ec2.cern.ch>
Subject: Job 819150884: <runJob_1> in cluster <batch> Done

Job <runJob_1> was submitted from host <lxplus001.cern.ch> by user <gkrintir> in cluster <batch>.
Job was executed on host(s) <b6c5bf4ec2.cern.ch>, in queue <1nd>, as user <gkrintir> in cluster <batch>.
</afs/cern.ch/user/g/gkrintir> was used as the home directory.
</afs/cern.ch/user/g/gkrintir/PbPb_Top1/topskim/JobDir> was used as the working directory.
Started at Wed Jun 29 16:28:32 2016
Results reported on Wed Jun 29 16:30:43 2016

Your job looked like:

------------------------------------------------------------
# LSBATCH: User input
#!/bin/bash
#export ROOTSYS=/afs/cern.ch/sw/lcg/app/releases/ROOT/5.34.36/x86_64-slc6-gcc48-opt/root
#export LD_LIBRARY_PATH=$LD_LIBRARY_PATH:$ROOTSYS/lib
#export PATH=$PATH:$ROOTSYS/bin
export OUTDIR=/afs/cern.ch/user/g/gkrintir/PbPb_Top1/topskim/test
cd /afs/cern.ch/user/g/gkrintir/PbPb_Top1/topskim/
root -l  -q -b makeEMuSkim_OnBatch2.C'("data.txt", 0, 5, "test_data.root", false)'
export OUTPUT=AnaResults_1.root
cp test_data.root $OUTDIR/$OUTPUT
rm test_data.root

------------------------------------------------------------

Successfully completed.

Resource usage summary:

    CPU time :                                   50.83 sec.
    Max Memory :                                 72.62 MB
    Average Memory :                             42.98 MB
    Total Requested Memory :                     -
    Delta Memory :                               -
    Max Swap :                                   1221 MB
    Max Processes :                              9
    Max Threads :                                15
    Run time :                                   128 sec.
    Turnaround time :                            3541 sec.

The output (if any) follows:

@(#)CERN job starter $Date: 2010/06/23 14:22:16 $
Working directory is </pool/lsf/gkrintir/819150884> on <b6c5bf4ec2.cern.ch>

Error in <TUnixSystem::DynamicPathName>: libFWCoreFWLite.so does not exist in /usr/lsf/lib64:/afs/cern.ch/sw/lcg/external/Boost/1.55.0_python2.7/x86_64-slc6-gcc47-opt/lib:.:/usr/lib64/root::/usr/lib64/root/cint/cint/stl
Error: Function enable() is not defined in current scope  /afs/cern.ch/user/g/gkrintir/rootlogon.C:3:
*** Interpreter error recovered ***

Processing makeEMuSkim_OnBatch2.C("data.txt", 0, 5, "test_data.root", false)...
On file: 0/6, root://eoscms//eos/cms/store/group/cmst3/group/hintt/mverweij/PP5TeV/data/SingleMuHighPt/crab_FilteredSingleMuHighPt_v3/160425_163333/0000/HiForestAOD_100.root
On file: 1/6, root://eoscms//eos/cms/store/group/cmst3/group/hintt/mverweij/PP5TeV/data/SingleMuHighPt/crab_FilteredSingleMuHighPt_v3/160425_163333/0000/HiForestAOD_101.root
On file: 2/6, root://eoscms//eos/cms/store/group/cmst3/group/hintt/mverweij/PP5TeV/data/SingleMuHighPt/crab_FilteredSingleMuHighPt_v3/160425_163333/0000/HiForestAOD_102.root
On file: 3/6, root://eoscms//eos/cms/store/group/cmst3/group/hintt/mverweij/PP5TeV/data/SingleMuHighPt/crab_FilteredSingleMuHighPt_v3/160425_163333/0000/HiForestAOD_103.root
On file: 4/6, root://eoscms//eos/cms/store/group/cmst3/group/hintt/mverweij/PP5TeV/data/SingleMuHighPt/crab_FilteredSingleMuHighPt_v3/160425_163333/0000/HiForestAOD_104.root
On file: 5/6, root://eoscms//eos/cms/store/group/cmst3/group/hintt/mverweij/PP5TeV/data/SingleMuHighPt/crab_FilteredSingleMuHighPt_v3/160425_163333/0000/HiForestAOD_105.root

Job finished at Wed Jun 29 16:30:36 CEST 2016 on node 
 under linux version Scientific Linux CERN SLC release 6.8 (Carbon)

CERN statistics: This process used approximately : 0:02:00 KSI2K hours (120 KSI2K seconds)
                 This process corresponds to     : 0:07:49 HS06  hours (469 HS06  seconds)
Sender: LSF System <lsfadmin@b6cd4ca94c.cern.ch>
Subject: Job 819225496: <runJob_1> in cluster <batch> Exited

Job <runJob_1> was submitted from host <lxplus086.cern.ch> by user <gkrintir> in cluster <batch>.
Job was executed on host(s) <b6cd4ca94c.cern.ch>, in queue <1nd>, as user <gkrintir> in cluster <batch>.
</afs/cern.ch/user/g/gkrintir> was used as the home directory.
</afs/cern.ch/user/g/gkrintir/PbPb_Top1/topskim/JobDir> was used as the working directory.
Started at Wed Jun 29 18:22:13 2016
Results reported on Wed Jun 29 18:23:22 2016

Your job looked like:

------------------------------------------------------------
# LSBATCH: User input
#!/bin/bash
export OUTDIR=/afs/cern.ch/user/g/gkrintir/PbPb_Top1/topskim/test
cd /afs/cern.ch/user/g/gkrintir/PbPb_Top1/topskim/JobDir
root -l  -q -b makeEMuSkim_OnBatch2.C'("data.txt", 0, 2, "test_data.root", false)'
export OUTPUT=AnaResults_1.root
cp test_data.root $OUTDIR/$OUTPUT
rm test_data.root

------------------------------------------------------------

Exited with exit code 255.

Resource usage summary:

    CPU time :                                   1.10 sec.
    Max Memory :                                 11.86 MB
    Average Memory :                             4.93 MB
    Total Requested Memory :                     -
    Delta Memory :                               -
    Max Swap :                                   302 MB
    Max Processes :                              4
    Max Threads :                                4
    Run time :                                   67 sec.
    Turnaround time :                            75 sec.

The output (if any) follows:

@(#)CERN job starter $Date: 2010/06/23 14:22:16 $
Working directory is </pool/lsf/gkrintir/819225496> on <b6cd4ca94c.cern.ch>

Warning in <TApplication::GetOptions>: macro makeEMuSkim_OnBatch2.C not found
Error in <TUnixSystem::DynamicPathName>: libFWCoreFWLite.so does not exist in /usr/lsf/lib64:/afs/cern.ch/sw/lcg/external/Boost/1.55.0_python2.7/x86_64-slc6-gcc47-opt/lib:.:/usr/lib64/root::/usr/lib64/root/cint/cint/stl
Error: Function enable() is not defined in current scope  /afs/cern.ch/user/g/gkrintir/rootlogon.C:3:
*** Interpreter error recovered ***

cp: cannot stat `test_data.root': No such file or directory
rm: cannot remove `test_data.root': No such file or directory

Job finished at Wed Jun 29 18:22:35 CEST 2016 on node 
 under linux version Scientific Linux CERN SLC release 6.8 (Carbon)

CERN statistics: This process used approximately : 0:00:01 KSI2K hours (1 KSI2K seconds)
                 This process corresponds to     : 0:00:06 HS06  hours (6 HS06  seconds)
Sender: LSF System <lsfadmin@b678135a2c.cern.ch>
Subject: Job 819227453: <runJob_1> in cluster <batch> Exited

Job <runJob_1> was submitted from host <lxplus086.cern.ch> by user <gkrintir> in cluster <batch>.
Job was executed on host(s) <b678135a2c.cern.ch>, in queue <1nd>, as user <gkrintir> in cluster <batch>.
</afs/cern.ch/user/g/gkrintir> was used as the home directory.
</afs/cern.ch/user/g/gkrintir/PbPb_Top1/topskim/JobDir> was used as the working directory.
Started at Wed Jun 29 18:27:23 2016
Results reported on Wed Jun 29 18:28:32 2016

Your job looked like:

------------------------------------------------------------
# LSBATCH: User input
#!/bin/bash
export OUTDIR=/afs/cern.ch/user/g/gkrintir/PbPb_Top1/topskim/test
cd /afs/cern.ch/user/g/gkrintir/PbPb_Top1/topskim/JobDir
cd ../root -l  -q -b makeEMuSkim_OnBatch2.C'("data.txt", 0, 2, "test_data.root", false)'
export OUTPUT=AnaResults_1.root
cp test_data.root $OUTDIR/$OUTPUT
rm test_data.root

------------------------------------------------------------

Exited with exit code 255.

Resource usage summary:

    CPU time :                                   0.54 sec.
    Max Memory :                                 14.71 MB
    Average Memory :                             5.88 MB
    Total Requested Memory :                     -
    Delta Memory :                               -
    Max Swap :                                   407 MB
    Max Processes :                              5
    Max Threads :                                4
    Run time :                                   67 sec.
    Turnaround time :                            80 sec.

The output (if any) follows:

@(#)CERN job starter $Date: 2010/06/23 14:22:16 $
Working directory is </pool/lsf/gkrintir/819227453> on <b678135a2c.cern.ch>

/pool/spool/1467217632.819227453.shell: line 4: cd: ../root: No such file or directory
cp: cannot stat `test_data.root': No such file or directory
rm: cannot remove `test_data.root': No such file or directory

Job finished at Wed Jun 29 18:27:43 CEST 2016 on node 
 under linux version Scientific Linux CERN SLC release 6.8 (Carbon)

CERN statistics: This process used approximately : 0:00:00 KSI2K hours (0 KSI2K seconds)
                 This process corresponds to     : 0:00:02 HS06  hours (2 HS06  seconds)
Sender: LSF System <lsfadmin@p06109780r92192.cern.ch>
Subject: Job 819227821: <runJob_1> in cluster <batch> Exited

Job <runJob_1> was submitted from host <lxplus086.cern.ch> by user <gkrintir> in cluster <batch>.
Job was executed on host(s) <p06109780r92192.cern.ch>, in queue <1nd>, as user <gkrintir> in cluster <batch>.
</afs/cern.ch/user/g/gkrintir> was used as the home directory.
</afs/cern.ch/user/g/gkrintir/PbPb_Top1/topskim/JobDir> was used as the working directory.
Started at Wed Jun 29 18:30:04 2016
Results reported on Wed Jun 29 18:30:43 2016

Your job looked like:

------------------------------------------------------------
# LSBATCH: User input
#!/bin/bash
export OUTDIR=/afs/cern.ch/user/g/gkrintir/PbPb_Top1/topskim/test
cd /afs/cern.ch/user/g/gkrintir/PbPb_Top1/topskim/JobDir
cd - 
root -l  -q -b makeEMuSkim_OnBatch2.C'("data.txt", 0, 2, "test_data.root", false)'
export OUTPUT=AnaResults_1.root
cp test_data.root $OUTDIR/$OUTPUT
rm test_data.root

------------------------------------------------------------

Exited with exit code 255.

Resource usage summary:

    CPU time :                                   0.54 sec.
    Max Memory :                                 5.72 MB
    Average Memory :                             5.72 MB
    Total Requested Memory :                     -
    Delta Memory :                               -
    Max Swap :                                   325 MB
    Max Processes :                              4
    Max Threads :                                5
    Run time :                                   17 sec.
    Turnaround time :                            46 sec.

The output (if any) follows:

@(#)CERN job starter $Date: 2010/06/23 14:22:16 $
Working directory is </pool/lsf/gkrintir/819227821> on <p06109780r92192.cern.ch>

/pool/lsf/gkrintir/819227821
Warning in <TApplication::GetOptions>: macro makeEMuSkim_OnBatch2.C not found
Error in <TUnixSystem::DynamicPathName>: libFWCoreFWLite.so does not exist in /usr/lsf/lib64:/afs/cern.ch/sw/lcg/external/Boost/1.55.0_python2.7/x86_64-slc6-gcc47-opt/lib:.:/usr/lib64/root::/usr/lib64/root/cint/cint/stl
Error: Function enable() is not defined in current scope  /afs/cern.ch/user/g/gkrintir/rootlogon.C:3:
*** Interpreter error recovered ***

cp: cannot stat `test_data.root': No such file or directory
rm: cannot remove `test_data.root': No such file or directory

Job finished at Wed Jun 29 18:30:21 CEST 2016 on node 
 under linux version Scientific Linux CERN SLC release 6.8 (Carbon)

CERN statistics: This process used approximately : 0:00:01 KSI2K hours (1 KSI2K seconds)
                 This process corresponds to     : 0:00:04 HS06  hours (4 HS06  seconds)
Sender: LSF System <lsfadmin@b618d76569.cern.ch>
Subject: Job 819228228: <runJob_1> in cluster <batch> Exited

Job <runJob_1> was submitted from host <lxplus086.cern.ch> by user <gkrintir> in cluster <batch>.
Job was executed on host(s) <b618d76569.cern.ch>, in queue <1nd>, as user <gkrintir> in cluster <batch>.
</afs/cern.ch/user/g/gkrintir> was used as the home directory.
</afs/cern.ch/user/g/gkrintir/PbPb_Top1/topskim/JobDir> was used as the working directory.
Started at Wed Jun 29 18:32:53 2016
Results reported on Wed Jun 29 18:33:15 2016

Your job looked like:

------------------------------------------------------------
# LSBATCH: User input
#!/bin/bash
export OUTDIR=/afs/cern.ch/user/g/gkrintir/PbPb_Top1/topskim/test
/afs/cern.ch/user/g/gkrintir/PbPb_Top1/topskim/root -l  -q -b makeEMuSkim_OnBatch2.C'("data.txt", 0, 2, "test_data.root", false)'
export OUTPUT=AnaResults_1.root
cp test_data.root $OUTDIR/$OUTPUT
rm test_data.root

------------------------------------------------------------

Exited with exit code 255.

Resource usage summary:

    CPU time :                                   2.02 sec.
    Max Memory :                                 2.89 MB
    Average Memory :                             2.89 MB
    Total Requested Memory :                     -
    Delta Memory :                               -
    Max Swap :                                   60 MB
    Max Processes :                              1
    Max Threads :                                1
    Run time :                                   20 sec.
    Turnaround time :                            26 sec.

The output (if any) follows:

@(#)CERN job starter $Date: 2010/06/23 14:22:16 $
Working directory is </pool/lsf/gkrintir/819228228> on <b618d76569.cern.ch>

/pool/spool/1467217969.819228228.shell: line 3: /afs/cern.ch/user/g/gkrintir/PbPb_Top1/topskim/root: No such file or directory
cp: cannot stat `test_data.root': No such file or directory
rm: cannot remove `test_data.root': No such file or directory

Job finished at Wed Jun 29 18:33:13 CEST 2016 on node 
 under linux version Scientific Linux CERN SLC release 6.8 (Carbon)

CERN statistics: This process used approximately : 0:00:01 KSI2K hours (1 KSI2K seconds)
                 This process corresponds to     : 0:00:07 HS06  hours (7 HS06  seconds)
Sender: LSF System <lsfadmin@b64956f8a0.cern.ch>
Subject: Job 819228425: <runJob_1> in cluster <batch> Exited

Job <runJob_1> was submitted from host <lxplus086.cern.ch> by user <gkrintir> in cluster <batch>.
Job was executed on host(s) <b64956f8a0.cern.ch>, in queue <1nd>, as user <gkrintir> in cluster <batch>.
</afs/cern.ch/user/g/gkrintir> was used as the home directory.
</afs/cern.ch/user/g/gkrintir/PbPb_Top1/topskim/JobDir> was used as the working directory.
Started at Wed Jun 29 18:34:49 2016
Results reported on Wed Jun 29 18:36:04 2016

Your job looked like:

------------------------------------------------------------
# LSBATCH: User input
#!/bin/bash
export OUTDIR=/afs/cern.ch/user/g/gkrintir/PbPb_Top1/topskim/test
cd /afs/cern.ch/user/g/gkrintir/PbPb_Top1/topskim/
root -l  -q -b makeEMuSkim_OnBatch2.C'("data.txt", 0, 2, "test_data.root", false)'
export OUTPUT=AnaResults_1.root
cp test_data.root $OUTDIR/$OUTPUT
rm test_data.root

------------------------------------------------------------

Exited with exit code 255.

Resource usage summary:

    CPU time :                                   17.18 sec.
    Max Memory :                                 60.17 MB
    Average Memory :                             22.09 MB
    Total Requested Memory :                     -
    Delta Memory :                               -
    Max Swap :                                   1221 MB
    Max Processes :                              9
    Max Threads :                                15
    Run time :                                   71 sec.
    Turnaround time :                            90 sec.

The output (if any) follows:

@(#)CERN job starter $Date: 2010/06/23 14:22:16 $
Working directory is </pool/lsf/gkrintir/819228425> on <b64956f8a0.cern.ch>

Error in <TUnixSystem::DynamicPathName>: libFWCoreFWLite.so does not exist in /usr/lsf/lib64:/afs/cern.ch/sw/lcg/external/Boost/1.55.0_python2.7/x86_64-slc6-gcc47-opt/lib:.:/usr/lib64/root::/usr/lib64/root/cint/cint/stl
Error: Function enable() is not defined in current scope  /afs/cern.ch/user/g/gkrintir/rootlogon.C:3:
*** Interpreter error recovered ***

Processing makeEMuSkim_OnBatch2.C("data.txt", 0, 2, "test_data.root", false)...
On file: 0/3, root://eoscms//eos/cms/store/group/cmst3/group/hintt/mverweij/PP5TeV/data/SingleMuHighPt/crab_FilteredSingleMuHighPt_v3/160425_163333/0000/HiForestAOD_100.root
On file: 1/3, root://eoscms//eos/cms/store/group/cmst3/group/hintt/mverweij/PP5TeV/data/SingleMuHighPt/crab_FilteredSingleMuHighPt_v3/160425_163333/0000/HiForestAOD_101.root
On file: 2/3, root://eoscms//eos/cms/store/group/cmst3/group/hintt/mverweij/PP5TeV/data/SingleMuHighPt/crab_FilteredSingleMuHighPt_v3/160425_163333/0000/HiForestAOD_102.root
SysError in <TFile::Flush>: error flushing file test_data.root (No such file or directory)
cp: cannot stat `test_data.root': No such file or directory
rm: cannot remove `test_data.root': No such file or directory

Job finished at Wed Jun 29 18:35:37 CEST 2016 on node 
 under linux version Scientific Linux CERN SLC release 6.8 (Carbon)

CERN statistics: This process used approximately : 0:00:40 KSI2K hours (40 KSI2K seconds)
                 This process corresponds to     : 0:02:37 HS06  hours (157 HS06  seconds)
Sender: LSF System <lsfadmin@b6e7d2b1653.cern.ch>
Subject: Job 819274543: <runJob_1> in cluster <batch> Done

Job <runJob_1> was submitted from host <lxplus086.cern.ch> by user <gkrintir> in cluster <batch>.
Job was executed on host(s) <b6e7d2b1653.cern.ch>, in queue <1nd>, as user <gkrintir> in cluster <batch>.
</afs/cern.ch/user/g/gkrintir> was used as the home directory.
</afs/cern.ch/user/g/gkrintir/PbPb_Top1/topskim/JobDir> was used as the working directory.
Started at Wed Jun 29 19:10:40 2016
Results reported on Wed Jun 29 19:13:16 2016

Your job looked like:

------------------------------------------------------------
# LSBATCH: User input
#!/bin/bash
export OUTDIR=/afs/cern.ch/user/g/gkrintir/PbPb_Top1/topskim/test
cd /afs/cern.ch/user/g/gkrintir/PbPb_Top1/topskim/
root -l  -q -b makeEMuSkim_OnBatch2.C'("data.txt", 0, 2, "test_data.root", false)'
export OUTPUT=AnaResults_1.root
cp test_data.root $OUTDIR/$OUTPUT
rm test_data.root

------------------------------------------------------------

Successfully completed.

Resource usage summary:

    CPU time :                                   27.77 sec.
    Max Memory :                                 57.69 MB
    Average Memory :                             30.25 MB
    Total Requested Memory :                     -
    Delta Memory :                               -
    Max Swap :                                   1019 MB
    Max Processes :                              7
    Max Threads :                                13
    Run time :                                   117 sec.
    Turnaround time :                            273 sec.

The output (if any) follows:

@(#)CERN job starter $Date: 2010/06/23 14:22:16 $
Working directory is </pool/lsf/gkrintir/819274543> on <b6e7d2b1653.cern.ch>

Error in <TUnixSystem::DynamicPathName>: libFWCoreFWLite.so does not exist in /usr/lsf/lib64:/afs/cern.ch/sw/lcg/external/Boost/1.55.0_python2.7/x86_64-slc6-gcc47-opt/lib:.:/usr/lib64/root::/usr/lib64/root/cint/cint/stl
Error: Function enable() is not defined in current scope  /afs/cern.ch/user/g/gkrintir/rootlogon.C:3:
*** Interpreter error recovered ***

Processing makeEMuSkim_OnBatch2.C("data.txt", 0, 2, "test_data.root", false)...
On file: 0/3, root://eoscms//eos/cms/store/group/cmst3/group/hintt/mverweij/PP5TeV/data/SingleMuHighPt/crab_FilteredSingleMuHighPt_v3/160425_163333/0000/HiForestAOD_100.root
On file: 1/3, root://eoscms//eos/cms/store/group/cmst3/group/hintt/mverweij/PP5TeV/data/SingleMuHighPt/crab_FilteredSingleMuHighPt_v3/160425_163333/0000/HiForestAOD_101.root
On file: 2/3, root://eoscms//eos/cms/store/group/cmst3/group/hintt/mverweij/PP5TeV/data/SingleMuHighPt/crab_FilteredSingleMuHighPt_v3/160425_163333/0000/HiForestAOD_102.root
SysError in <TFile::Flush>: error flushing file test_data.root (No such file or directory)

Job finished at Wed Jun 29 19:12:37 CEST 2016 on node 
 under linux version Scientific Linux CERN SLC release 6.8 (Carbon)

CERN statistics: This process used approximately : 0:00:43 KSI2K hours (43 KSI2K seconds)
                 This process corresponds to     : 0:02:51 HS06  hours (171 HS06  seconds)
Sender: LSF System <lsfadmin@b65087e924.cern.ch>
Subject: Job 819251515: <runJob_1> in cluster <batch> Done

Job <runJob_1> was submitted from host <lxplus086.cern.ch> by user <gkrintir> in cluster <batch>.
Job was executed on host(s) <b65087e924.cern.ch>, in queue <1nd>, as user <gkrintir> in cluster <batch>.
</afs/cern.ch/user/g/gkrintir> was used as the home directory.
</afs/cern.ch/user/g/gkrintir/PbPb_Top1/topskim/JobDir> was used as the working directory.
Started at Wed Jun 29 19:09:41 2016
Results reported on Wed Jun 29 19:13:34 2016

Your job looked like:

------------------------------------------------------------
# LSBATCH: User input
#!/bin/bash
export OUTDIR=/afs/cern.ch/user/g/gkrintir/PbPb_Top1/topskim/test
cd /afs/cern.ch/user/g/gkrintir/PbPb_Top1/topskim/
root -l  -q -b makeEMuSkim_OnBatch2.C'("data.txt", 0, 2, "test_data.root", false)'
export OUTPUT=AnaResults_1.root
cp test_data.root $OUTDIR/$OUTPUT
rm test_data.root

------------------------------------------------------------

Successfully completed.

Resource usage summary:

    CPU time :                                   22.06 sec.
    Max Memory :                                 61.15 MB
    Average Memory :                             16.42 MB
    Total Requested Memory :                     -
    Delta Memory :                               -
    Max Swap :                                   1123 MB
    Max Processes :                              9
    Max Threads :                                15
    Run time :                                   212 sec.
    Turnaround time :                            1493 sec.

The output (if any) follows:

@(#)CERN job starter $Date: 2010/06/23 14:22:16 $
Working directory is </pool/lsf/gkrintir/819251515> on <b65087e924.cern.ch>

Error in <TUnixSystem::DynamicPathName>: libFWCoreFWLite.so does not exist in /usr/lsf/lib64:/afs/cern.ch/sw/lcg/external/Boost/1.55.0_python2.7/x86_64-slc6-gcc47-opt/lib:.:/usr/lib64/root::/usr/lib64/root/cint/cint/stl
Error: Function enable() is not defined in current scope  /afs/cern.ch/user/g/gkrintir/rootlogon.C:3:
*** Interpreter error recovered ***

Processing makeEMuSkim_OnBatch2.C("data.txt", 0, 2, "test_data.root", false)...
On file: 0/3, root://eoscms//eos/cms/store/group/cmst3/group/hintt/mverweij/PP5TeV/data/SingleMuHighPt/crab_FilteredSingleMuHighPt_v3/160425_163333/0000/HiForestAOD_100.root
On file: 1/3, root://eoscms//eos/cms/store/group/cmst3/group/hintt/mverweij/PP5TeV/data/SingleMuHighPt/crab_FilteredSingleMuHighPt_v3/160425_163333/0000/HiForestAOD_101.root
On file: 2/3, root://eoscms//eos/cms/store/group/cmst3/group/hintt/mverweij/PP5TeV/data/SingleMuHighPt/crab_FilteredSingleMuHighPt_v3/160425_163333/0000/HiForestAOD_102.root
SysError in <TFile::Flush>: error flushing file test_data.root (No such file or directory)

Job finished at Wed Jun 29 19:12:00 CEST 2016 on node 
 under linux version Scientific Linux CERN SLC release 6.8 (Carbon)

CERN statistics: This process used approximately : 0:00:51 KSI2K hours (51 KSI2K seconds)
                 This process corresponds to     : 0:03:20 HS06  hours (200 HS06  seconds)
Sender: LSF System <lsfadmin@b686b685bc.cern.ch>
Subject: Job 819288220: <runJob_1> in cluster <batch> Exited

Job <runJob_1> was submitted from host <lxplus086.cern.ch> by user <gkrintir> in cluster <batch>.
Job was executed on host(s) <b686b685bc.cern.ch>, in queue <1nd>, as user <gkrintir> in cluster <batch>.
</afs/cern.ch/user/g/gkrintir> was used as the home directory.
</afs/cern.ch/user/g/gkrintir/PbPb_Top1/topskim/JobDir> was used as the working directory.
Started at Wed Jun 29 19:26:44 2016
Results reported on Wed Jun 29 19:29:00 2016

Your job looked like:

------------------------------------------------------------
# LSBATCH: User input
#!/bin/bash
export OUTDIR=/afs/cern.ch/user/g/gkrintir/PbPb_Top1/topskim/test
cd /afs/cern.ch/user/g/gkrintir/PbPb_Top1/topskim/
root -l  -q -b makeEMuSkim_OnBatch2.C'("data.txt", 0, 2, "test_data.root", false)'
export OUTPUT=AnaResults_1.root
cp test_data.root $OUTDIR/$OUTPUT
rm test_data.root

------------------------------------------------------------

Exited with exit code 255.

Resource usage summary:

    CPU time :                                   31.82 sec.
    Max Memory :                                 59.89 MB
    Average Memory :                             26.26 MB
    Total Requested Memory :                     -
    Delta Memory :                               -
    Max Swap :                                   1221 MB
    Max Processes :                              9
    Max Threads :                                15
    Run time :                                   132 sec.
    Turnaround time :                            157 sec.

The output (if any) follows:

@(#)CERN job starter $Date: 2010/06/23 14:22:16 $
Working directory is </pool/lsf/gkrintir/819288220> on <b686b685bc.cern.ch>

Error in <TUnixSystem::DynamicPathName>: libFWCoreFWLite.so does not exist in /usr/lsf/lib64:/afs/cern.ch/sw/lcg/external/Boost/1.55.0_python2.7/x86_64-slc6-gcc47-opt/lib:.:/usr/lib64/root::/usr/lib64/root/cint/cint/stl
Error: Function enable() is not defined in current scope  /afs/cern.ch/user/g/gkrintir/rootlogon.C:3:
*** Interpreter error recovered ***

Processing makeEMuSkim_OnBatch2.C("data.txt", 0, 2, "test_data.root", false)...
On file: 0/3, root://eoscms//eos/cms/store/group/cmst3/group/hintt/mverweij/PP5TeV/data/SingleMuHighPt/crab_FilteredSingleMuHighPt_v3/160425_163333/0000/HiForestAOD_100.root
On file: 1/3, root://eoscms//eos/cms/store/group/cmst3/group/hintt/mverweij/PP5TeV/data/SingleMuHighPt/crab_FilteredSingleMuHighPt_v3/160425_163333/0000/HiForestAOD_101.root
On file: 2/3, root://eoscms//eos/cms/store/group/cmst3/group/hintt/mverweij/PP5TeV/data/SingleMuHighPt/crab_FilteredSingleMuHighPt_v3/160425_163333/0000/HiForestAOD_102.root
SysError in <TFile::Flush>: error flushing file test_data.root (No such file or directory)
cp: cannot stat `test_data.root': No such file or directory
rm: cannot remove `test_data.root': No such file or directory

Job finished at Wed Jun 29 19:28:00 CEST 2016 on node 
 under linux version Scientific Linux CERN SLC release 6.8 (Carbon)

CERN statistics: This process used approximately : 0:00:51 KSI2K hours (51 KSI2K seconds)
                 This process corresponds to     : 0:03:20 HS06  hours (200 HS06  seconds)
Sender: LSF System <lsfadmin@b63e4ce3f8.cern.ch>
Subject: Job 819298809: <runJob_1> in cluster <batch> Done

Job <runJob_1> was submitted from host <lxplus086.cern.ch> by user <gkrintir> in cluster <batch>.
Job was executed on host(s) <b63e4ce3f8.cern.ch>, in queue <1nd>, as user <gkrintir> in cluster <batch>.
</afs/cern.ch/user/g/gkrintir> was used as the home directory.
</afs/cern.ch/user/g/gkrintir/PbPb_Top1/topskim/JobDir> was used as the working directory.
Started at Wed Jun 29 19:32:15 2016
Results reported on Wed Jun 29 19:33:33 2016

Your job looked like:

------------------------------------------------------------
# LSBATCH: User input
#!/bin/bash
export OUTDIR=/afs/cern.ch/user/g/gkrintir/PbPb_Top1/topskim/test
cd /afs/cern.ch/user/g/gkrintir/PbPb_Top1/topskim/
root -l  -q -b makeEMuSkim_OnBatch2.C'("data.txt", 0, 2, "test_data.root", false)'
export OUTPUT=AnaResults_1.root
cp test_data.root $OUTDIR/$OUTPUT
rm test_data.root

------------------------------------------------------------

Successfully completed.

Resource usage summary:

    CPU time :                                   14.55 sec.
    Max Memory :                                 60.16 MB
    Average Memory :                             24.50 MB
    Total Requested Memory :                     -
    Delta Memory :                               -
    Max Swap :                                   1221 MB
    Max Processes :                              9
    Max Threads :                                15
    Run time :                                   76 sec.
    Turnaround time :                            90 sec.

The output (if any) follows:

@(#)CERN job starter $Date: 2010/06/23 14:22:16 $
Working directory is </pool/lsf/gkrintir/819298809> on <b63e4ce3f8.cern.ch>

Error in <TUnixSystem::DynamicPathName>: libFWCoreFWLite.so does not exist in /usr/lsf/lib64:/afs/cern.ch/sw/lcg/external/Boost/1.55.0_python2.7/x86_64-slc6-gcc47-opt/lib:.:/usr/lib64/root::/usr/lib64/root/cint/cint/stl
Error: Function enable() is not defined in current scope  /afs/cern.ch/user/g/gkrintir/rootlogon.C:3:
*** Interpreter error recovered ***

Processing makeEMuSkim_OnBatch2.C("data.txt", 0, 2, "test_data.root", false)...
On file: 0/3, root://eoscms//eos/cms/store/group/cmst3/group/hintt/mverweij/PP5TeV/data/SingleMuHighPt/crab_FilteredSingleMuHighPt_v3/160425_163333/0000/HiForestAOD_100.root
On file: 1/3, root://eoscms//eos/cms/store/group/cmst3/group/hintt/mverweij/PP5TeV/data/SingleMuHighPt/crab_FilteredSingleMuHighPt_v3/160425_163333/0000/HiForestAOD_101.root
On file: 2/3, root://eoscms//eos/cms/store/group/cmst3/group/hintt/mverweij/PP5TeV/data/SingleMuHighPt/crab_FilteredSingleMuHighPt_v3/160425_163333/0000/HiForestAOD_102.root

Job finished at Wed Jun 29 19:33:00 CEST 2016 on node 
 under linux version Scientific Linux CERN SLC release 6.8 (Carbon)

CERN statistics: This process used approximately : 0:00:35 KSI2K hours (35 KSI2K seconds)
                 This process corresponds to     : 0:02:18 HS06  hours (138 HS06  seconds)
Sender: LSF System <lsfadmin@b6bb91fd5c.cern.ch>
Subject: Job 819307407: <runJob_1> in cluster <batch> Done

Job <runJob_1> was submitted from host <lxplus086.cern.ch> by user <gkrintir> in cluster <batch>.
Job was executed on host(s) <b6bb91fd5c.cern.ch>, in queue <1nd>, as user <gkrintir> in cluster <batch>.
</afs/cern.ch/user/g/gkrintir> was used as the home directory.
</afs/cern.ch/user/g/gkrintir/PbPb_Top1/topskim/JobDir> was used as the working directory.
Started at Wed Jun 29 19:37:50 2016
Results reported on Wed Jun 29 19:39:01 2016

Your job looked like:

------------------------------------------------------------
# LSBATCH: User input
#!/bin/bash
export OUTDIR=/afs/cern.ch/user/g/gkrintir/PbPb_Top1/topskim/test
cd /afs/cern.ch/user/g/gkrintir/PbPb_Top1/topskim/
root -l  -q -b makeEMuSkim_OnBatch2.C'("data.txt", 0, 2, "test_data.root", false)'
export OUTPUT=AnaResults_1.root
cp test_data.root $OUTDIR/$OUTPUT
rm test_data.root

------------------------------------------------------------

Successfully completed.

Resource usage summary:

    CPU time :                                   18.99 sec.
    Max Memory :                                 57.24 MB
    Average Memory :                             24.95 MB
    Total Requested Memory :                     -
    Delta Memory :                               -
    Max Swap :                                   1019 MB
    Max Processes :                              7
    Max Threads :                                13
    Run time :                                   69 sec.
    Turnaround time :                            144 sec.

The output (if any) follows:

@(#)CERN job starter $Date: 2010/06/23 14:22:16 $
Working directory is </pool/lsf/gkrintir/819307407> on <b6bb91fd5c.cern.ch>

Error in <TUnixSystem::DynamicPathName>: libFWCoreFWLite.so does not exist in /usr/lsf/lib64:/afs/cern.ch/sw/lcg/external/Boost/1.55.0_python2.7/x86_64-slc6-gcc47-opt/lib:.:/usr/lib64/root::/usr/lib64/root/cint/cint/stl
Error: Function enable() is not defined in current scope  /afs/cern.ch/user/g/gkrintir/rootlogon.C:3:
*** Interpreter error recovered ***

Processing makeEMuSkim_OnBatch2.C("data.txt", 0, 2, "test_data.root", false)...
On file: 0/3, root://eoscms//eos/cms/store/group/cmst3/group/hintt/mverweij/PP5TeV/data/SingleMuHighPt/crab_FilteredSingleMuHighPt_v3/160425_163333/0000/HiForestAOD_100.root
On file: 1/3, root://eoscms//eos/cms/store/group/cmst3/group/hintt/mverweij/PP5TeV/data/SingleMuHighPt/crab_FilteredSingleMuHighPt_v3/160425_163333/0000/HiForestAOD_101.root
On file: 2/3, root://eoscms//eos/cms/store/group/cmst3/group/hintt/mverweij/PP5TeV/data/SingleMuHighPt/crab_FilteredSingleMuHighPt_v3/160425_163333/0000/HiForestAOD_102.root
SysError in <TFile::Flush>: error flushing file test_data.root (No such file or directory)

Job finished at Wed Jun 29 19:38:49 CEST 2016 on node 
 under linux version Scientific Linux CERN SLC release 6.8 (Carbon)

CERN statistics: This process used approximately : 0:00:37 KSI2K hours (37 KSI2K seconds)
                 This process corresponds to     : 0:02:28 HS06  hours (148 HS06  seconds)
